This is pdfTeX, Version 3.141592653-2.6-1.40.24 (MiKTeX 22.10) (preloaded format=pdflatex 2022.10.26)  3 JUL 2023 15:44
entering extended mode
 restricted \write18 enabled.
 %&-line parsing enabled.
**./main_2.tex
(main_2.tex
LaTeX2e <2022-06-01> patch level 5
L3 programming layer <2022-09-28>
(C:\Program Files\MiKTeX\tex/latex/beamer\beamer.cls
Document Class: beamer 2023/02/20 v3.69 A class for typesetting presentations
(C:\Program Files\MiKTeX\tex/latex/beamer\beamerbasemodes.sty
(C:\Program Files\MiKTeX\tex/latex/etoolbox\etoolbox.sty
Package: etoolbox 2020/10/05 v2.5k e-TeX tools for LaTeX (JAW)
\etb@tempcnta=\count185
)
\beamer@tempbox=\box51
\beamer@tempcount=\count186
\c@beamerpauses=\count187

(C:\Program Files\MiKTeX\tex/latex/beamer\beamerbasedecode.sty
\beamer@slideinframe=\count188
\beamer@minimum=\count189
\beamer@decode@box=\box52
)
\beamer@commentbox=\box53
\beamer@modecount=\count190
)
(C:\Program Files\MiKTeX\tex/generic/iftex\iftex.sty
Package: iftex 2022/02/03 v1.0f TeX engine tests
)
\headdp=\dimen138
\footheight=\dimen139
\sidebarheight=\dimen140
\beamer@tempdim=\dimen141
\beamer@finalheight=\dimen142
\beamer@animht=\dimen143
\beamer@animdp=\dimen144
\beamer@animwd=\dimen145
\beamer@leftmargin=\dimen146
\beamer@rightmargin=\dimen147
\beamer@leftsidebar=\dimen148
\beamer@rightsidebar=\dimen149
\beamer@boxsize=\dimen150
\beamer@vboxoffset=\dimen151
\beamer@descdefault=\dimen152
\beamer@descriptionwidth=\dimen153
\beamer@lastskip=\skip47
\beamer@areabox=\box54
\beamer@animcurrent=\box55
\beamer@animshowbox=\box56
\beamer@sectionbox=\box57
\beamer@logobox=\box58
\beamer@linebox=\box59
\beamer@sectioncount=\count191
\beamer@subsubsectionmax=\count192
\beamer@subsectionmax=\count193
\beamer@sectionmax=\count194
\beamer@totalheads=\count195
\beamer@headcounter=\count196
\beamer@partstartpage=\count197
\beamer@sectionstartpage=\count198
\beamer@subsectionstartpage=\count199
\beamer@animationtempa=\count266
\beamer@animationtempb=\count267
\beamer@xpos=\count268
\beamer@ypos=\count269
\beamer@ypos@offset=\count270
\beamer@showpartnumber=\count271
\beamer@currentsubsection=\count272
\beamer@coveringdepth=\count273
\beamer@sectionadjust=\count274
\beamer@toclastsection=\count275
\beamer@tocsectionnumber=\count276

(C:\Program Files\MiKTeX\tex/latex/beamer\beamerbaseoptions.sty
(C:\Program Files\MiKTeX\tex/latex/graphics\keyval.sty
Package: keyval 2022/05/29 v1.15 key=value parser (DPC)
\KV@toks@=\toks16
))
\beamer@paperwidth=\skip48
\beamer@paperheight=\skip49

(C:\Program Files\MiKTeX\tex/latex/geometry\geometry.sty
Package: geometry 2020/01/02 v5.9 Page Geometry

(C:\Program Files\MiKTeX\tex/generic/iftex\ifvtex.sty
Package: ifvtex 2019/10/25 v1.7 ifvtex legacy package. Use iftex instead.
)
\Gm@cnth=\count277
\Gm@cntv=\count278
\c@Gm@tempcnt=\count279
\Gm@bindingoffset=\dimen154
\Gm@wd@mp=\dimen155
\Gm@odd@mp=\dimen156
\Gm@even@mp=\dimen157
\Gm@layoutwidth=\dimen158
\Gm@layoutheight=\dimen159
\Gm@layouthoffset=\dimen160
\Gm@layoutvoffset=\dimen161
\Gm@dimlist=\toks17

(C:\Program Files\MiKTeX\tex/latex/geometry\geometry.cfg))
(C:\Program Files\MiKTeX\tex/latex/pgf/math\pgfmath.sty
(C:\Program Files\MiKTeX\tex/latex/pgf/utilities\pgfrcs.sty
(C:\Program Files\MiKTeX\tex/generic/pgf/utilities\pgfutil-common.tex
\pgfutil@everybye=\toks18
\pgfutil@tempdima=\dimen162
\pgfutil@tempdimb=\dimen163

(C:\Program Files\MiKTeX\tex/generic/pgf/utilities\pgfutil-common-lists.tex))
(C:\Program Files\MiKTeX\tex/generic/pgf/utilities\pgfutil-latex.def
\pgfutil@abb=\box60
)
(C:\Program Files\MiKTeX\tex/generic/pgf/utilities\pgfrcs.code.tex
(C:\Program Files\MiKTeX\tex/generic/pgf\pgf.revision.tex)
Package: pgfrcs 2021/05/15 v3.1.9a (3.1.9a)
))
(C:\Program Files\MiKTeX\tex/latex/pgf/utilities\pgfkeys.sty
(C:\Program Files\MiKTeX\tex/generic/pgf/utilities\pgfkeys.code.tex
\pgfkeys@pathtoks=\toks19
\pgfkeys@temptoks=\toks20

(C:\Program Files\MiKTeX\tex/generic/pgf/utilities\pgfkeysfiltered.code.tex
\pgfkeys@tmptoks=\toks21
)))
(C:\Program Files\MiKTeX\tex/generic/pgf/math\pgfmath.code.tex
(C:\Program Files\MiKTeX\tex/generic/pgf/math\pgfmathcalc.code.tex
(C:\Program Files\MiKTeX\tex/generic/pgf/math\pgfmathutil.code.tex
\pgf@x=\dimen164
\pgf@xa=\dimen165
\pgf@xb=\dimen166
\pgf@xc=\dimen167
\pgf@y=\dimen168
\pgf@ya=\dimen169
\pgf@yb=\dimen170
\pgf@yc=\dimen171
\c@pgf@counta=\count280
\c@pgf@countb=\count281
\c@pgf@countc=\count282
\c@pgf@countd=\count283
)
(C:\Program Files\MiKTeX\tex/generic/pgf/math\pgfmathparser.code.tex
\pgfmath@dimen=\dimen172
\pgfmath@count=\count284
\pgfmath@box=\box61
\pgfmath@toks=\toks22
\pgfmath@stack@operand=\toks23
\pgfmath@stack@operation=\toks24
)
(C:\Program Files\MiKTeX\tex/generic/pgf/math\pgfmathfunctions.code.tex
(C:\Program Files\MiKTeX\tex/generic/pgf/math\pgfmathfunctions.basic.code.tex)
(C:\Program Files\MiKTeX\tex/generic/pgf/math\pgfmathfunctions.trigonometric.co
de.tex)
(C:\Program Files\MiKTeX\tex/generic/pgf/math\pgfmathfunctions.random.code.tex)

(C:\Program Files\MiKTeX\tex/generic/pgf/math\pgfmathfunctions.comparison.code.
tex)
(C:\Program Files\MiKTeX\tex/generic/pgf/math\pgfmathfunctions.base.code.tex)
(C:\Program Files\MiKTeX\tex/generic/pgf/math\pgfmathfunctions.round.code.tex)
(C:\Program Files\MiKTeX\tex/generic/pgf/math\pgfmathfunctions.misc.code.tex)
(C:\Program Files\MiKTeX\tex/generic/pgf/math\pgfmathfunctions.integerarithmeti
cs.code.tex)))
(C:\Program Files\MiKTeX\tex/generic/pgf/math\pgfmathfloat.code.tex
\c@pgfmathroundto@lastzeros=\count285
)))
(C:\Program Files\MiKTeX\tex/latex/base\size11.clo
File: size11.clo 2021/10/04 v1.4n Standard LaTeX file (size option)
)
(C:\Program Files\MiKTeX\tex/latex/pgf/basiclayer\pgfcore.sty
(C:\Program Files\MiKTeX\tex/latex/graphics\graphicx.sty
Package: graphicx 2021/09/16 v1.2d Enhanced LaTeX Graphics (DPC,SPQR)

(C:\Program Files\MiKTeX\tex/latex/graphics\graphics.sty
Package: graphics 2022/03/10 v1.4e Standard LaTeX Graphics (DPC,SPQR)

(C:\Program Files\MiKTeX\tex/latex/graphics\trig.sty
Package: trig 2021/08/11 v1.11 sin cos tan (DPC)
)
(C:\Program Files\MiKTeX\tex/latex/graphics-cfg\graphics.cfg
File: graphics.cfg 2016/06/04 v1.11 sample graphics configuration
)
Package graphics Info: Driver file: pdftex.def on input line 107.

(C:\Program Files\MiKTeX\tex/latex/graphics-def\pdftex.def
File: pdftex.def 2022/09/22 v1.2b Graphics/color driver for pdftex
\stockwidth=\dimen173
\stockheight=\dimen174
))
\Gin@req@height=\dimen175
\Gin@req@width=\dimen176
)
(C:\Program Files\MiKTeX\tex/latex/pgf/systemlayer\pgfsys.sty
(C:\Program Files\MiKTeX\tex/generic/pgf/systemlayer\pgfsys.code.tex
Package: pgfsys 2021/05/15 v3.1.9a (3.1.9a)

(C:\Program Files\MiKTeX\tex/generic/pgf/utilities\pgfkeys.code.tex)
\pgf@x=\dimen177
\pgf@y=\dimen178
\pgf@xa=\dimen179
\pgf@ya=\dimen180
\pgf@xb=\dimen181
\pgf@yb=\dimen182
\pgf@xc=\dimen183
\pgf@yc=\dimen184
\pgf@xd=\dimen185
\pgf@yd=\dimen186
\w@pgf@writea=\write3
\r@pgf@reada=\read2
\c@pgf@counta=\count286
\c@pgf@countb=\count287
\c@pgf@countc=\count288
\c@pgf@countd=\count289
\t@pgf@toka=\toks25
\t@pgf@tokb=\toks26
\t@pgf@tokc=\toks27
\pgf@sys@id@count=\count290

(C:\Program Files\MiKTeX\tex/generic/pgf/systemlayer\pgf.cfg
File: pgf.cfg 2021/05/15 v3.1.9a (3.1.9a)
)
Driver file for pgf: pgfsys-pdftex.def

(C:\Program Files\MiKTeX\tex/generic/pgf/systemlayer\pgfsys-pdftex.def
File: pgfsys-pdftex.def 2021/05/15 v3.1.9a (3.1.9a)

(C:\Program Files\MiKTeX\tex/generic/pgf/systemlayer\pgfsys-common-pdf.def
File: pgfsys-common-pdf.def 2021/05/15 v3.1.9a (3.1.9a)
)))
(C:\Program Files\MiKTeX\tex/generic/pgf/systemlayer\pgfsyssoftpath.code.tex
File: pgfsyssoftpath.code.tex 2021/05/15 v3.1.9a (3.1.9a)
\pgfsyssoftpath@smallbuffer@items=\count291
\pgfsyssoftpath@bigbuffer@items=\count292
)
(C:\Program Files\MiKTeX\tex/generic/pgf/systemlayer\pgfsysprotocol.code.tex
File: pgfsysprotocol.code.tex 2021/05/15 v3.1.9a (3.1.9a)
))
(C:\Program Files\MiKTeX\tex/latex/xcolor\xcolor.sty
Package: xcolor 2022/06/12 v2.14 LaTeX color extensions (UK)

(C:\Program Files\MiKTeX\tex/latex/graphics-cfg\color.cfg
File: color.cfg 2016/01/02 v1.6 sample color configuration
)
Package xcolor Info: Driver file: pdftex.def on input line 227.

(C:\Program Files\MiKTeX\tex/latex/graphics\mathcolor.ltx)
Package xcolor Info: Model `cmy' substituted by `cmy0' on input line 1353.
Package xcolor Info: Model `hsb' substituted by `rgb' on input line 1357.
Package xcolor Info: Model `RGB' extended on input line 1369.
Package xcolor Info: Model `HTML' substituted by `rgb' on input line 1371.
Package xcolor Info: Model `Hsb' substituted by `hsb' on input line 1372.
Package xcolor Info: Model `tHsb' substituted by `hsb' on input line 1373.
Package xcolor Info: Model `HSB' substituted by `hsb' on input line 1374.
Package xcolor Info: Model `Gray' substituted by `gray' on input line 1375.
Package xcolor Info: Model `wave' substituted by `hsb' on input line 1376.
)
(C:\Program Files\MiKTeX\tex/generic/pgf/basiclayer\pgfcore.code.tex
Package: pgfcore 2021/05/15 v3.1.9a (3.1.9a)

(C:\Program Files\MiKTeX\tex/generic/pgf/math\pgfmath.code.tex)
(C:\Program Files\MiKTeX\tex/generic/pgf/math\pgfint.code.tex)
(C:\Program Files\MiKTeX\tex/generic/pgf/basiclayer\pgfcorepoints.code.tex
File: pgfcorepoints.code.tex 2021/05/15 v3.1.9a (3.1.9a)
\pgf@picminx=\dimen187
\pgf@picmaxx=\dimen188
\pgf@picminy=\dimen189
\pgf@picmaxy=\dimen190
\pgf@pathminx=\dimen191
\pgf@pathmaxx=\dimen192
\pgf@pathminy=\dimen193
\pgf@pathmaxy=\dimen194
\pgf@xx=\dimen195
\pgf@xy=\dimen196
\pgf@yx=\dimen197
\pgf@yy=\dimen198
\pgf@zx=\dimen199
\pgf@zy=\dimen256
)
(C:\Program Files\MiKTeX\tex/generic/pgf/basiclayer\pgfcorepathconstruct.code.t
ex
File: pgfcorepathconstruct.code.tex 2021/05/15 v3.1.9a (3.1.9a)
\pgf@path@lastx=\dimen257
\pgf@path@lasty=\dimen258
)
(C:\Program Files\MiKTeX\tex/generic/pgf/basiclayer\pgfcorepathusage.code.tex
File: pgfcorepathusage.code.tex 2021/05/15 v3.1.9a (3.1.9a)
\pgf@shorten@end@additional=\dimen259
\pgf@shorten@start@additional=\dimen260
)
(C:\Program Files\MiKTeX\tex/generic/pgf/basiclayer\pgfcorescopes.code.tex
File: pgfcorescopes.code.tex 2021/05/15 v3.1.9a (3.1.9a)
\pgfpic=\box62
\pgf@hbox=\box63
\pgf@layerbox@main=\box64
\pgf@picture@serial@count=\count293
)
(C:\Program Files\MiKTeX\tex/generic/pgf/basiclayer\pgfcoregraphicstate.code.te
x
File: pgfcoregraphicstate.code.tex 2021/05/15 v3.1.9a (3.1.9a)
\pgflinewidth=\dimen261
)
(C:\Program Files\MiKTeX\tex/generic/pgf/basiclayer\pgfcoretransformations.code
.tex
File: pgfcoretransformations.code.tex 2021/05/15 v3.1.9a (3.1.9a)
\pgf@pt@x=\dimen262
\pgf@pt@y=\dimen263
\pgf@pt@temp=\dimen264
) (C:\Program Files\MiKTeX\tex/generic/pgf/basiclayer\pgfcorequick.code.tex
File: pgfcorequick.code.tex 2021/05/15 v3.1.9a (3.1.9a)
) (C:\Program Files\MiKTeX\tex/generic/pgf/basiclayer\pgfcoreobjects.code.tex
File: pgfcoreobjects.code.tex 2021/05/15 v3.1.9a (3.1.9a)
)
(C:\Program Files\MiKTeX\tex/generic/pgf/basiclayer\pgfcorepathprocessing.code.
tex
File: pgfcorepathprocessing.code.tex 2021/05/15 v3.1.9a (3.1.9a)
) (C:\Program Files\MiKTeX\tex/generic/pgf/basiclayer\pgfcorearrows.code.tex
File: pgfcorearrows.code.tex 2021/05/15 v3.1.9a (3.1.9a)
\pgfarrowsep=\dimen265
) (C:\Program Files\MiKTeX\tex/generic/pgf/basiclayer\pgfcoreshade.code.tex
File: pgfcoreshade.code.tex 2021/05/15 v3.1.9a (3.1.9a)
\pgf@max=\dimen266
\pgf@sys@shading@range@num=\count294
\pgf@shadingcount=\count295
)
(C:\Program Files\MiKTeX\tex/generic/pgf/basiclayer\pgfcoreimage.code.tex
File: pgfcoreimage.code.tex 2021/05/15 v3.1.9a (3.1.9a)

(C:\Program Files\MiKTeX\tex/generic/pgf/basiclayer\pgfcoreexternal.code.tex
File: pgfcoreexternal.code.tex 2021/05/15 v3.1.9a (3.1.9a)
\pgfexternal@startupbox=\box65
))
(C:\Program Files\MiKTeX\tex/generic/pgf/basiclayer\pgfcorelayers.code.tex
File: pgfcorelayers.code.tex 2021/05/15 v3.1.9a (3.1.9a)
)
(C:\Program Files\MiKTeX\tex/generic/pgf/basiclayer\pgfcoretransparency.code.te
x
File: pgfcoretransparency.code.tex 2021/05/15 v3.1.9a (3.1.9a)
) (C:\Program Files\MiKTeX\tex/generic/pgf/basiclayer\pgfcorepatterns.code.tex
File: pgfcorepatterns.code.tex 2021/05/15 v3.1.9a (3.1.9a)
) (C:\Program Files\MiKTeX\tex/generic/pgf/basiclayer\pgfcorerdf.code.tex
File: pgfcorerdf.code.tex 2021/05/15 v3.1.9a (3.1.9a)
)))
(C:\Program Files\MiKTeX\tex/latex/pgf/utilities\xxcolor.sty
Package: xxcolor 2003/10/24 ver 0.1
\XC@nummixins=\count296
\XC@countmixins=\count297
)
(C:\Program Files\MiKTeX\tex/latex/base\atbegshi-ltx.sty
Package: atbegshi-ltx 2021/01/10 v1.0c Emulation of the original atbegshi
package with kernel methods
)
(C:\Program Files\MiKTeX\tex/latex/hyperref\hyperref.sty
Package: hyperref 2022-09-22 v7.00t Hypertext links for LaTeX

(C:\Program Files\MiKTeX\tex/generic/ltxcmds\ltxcmds.sty
Package: ltxcmds 2020-05-10 v1.25 LaTeX kernel commands for general use (HO)
)
(C:\Program Files\MiKTeX\tex/generic/pdftexcmds\pdftexcmds.sty
Package: pdftexcmds 2020-06-27 v0.33 Utility functions of pdfTeX for LuaTeX (HO
)

(C:\Program Files\MiKTeX\tex/generic/infwarerr\infwarerr.sty
Package: infwarerr 2019/12/03 v1.5 Providing info/warning/error messages (HO)
)
Package pdftexcmds Info: \pdf@primitive is available.
Package pdftexcmds Info: \pdf@ifprimitive is available.
Package pdftexcmds Info: \pdfdraftmode found.
)
(C:\Program Files\MiKTeX\tex/latex/kvsetkeys\kvsetkeys.sty
Package: kvsetkeys 2022-10-05 v1.19 Key value parser (HO)
)
(C:\Program Files\MiKTeX\tex/generic/kvdefinekeys\kvdefinekeys.sty
Package: kvdefinekeys 2019-12-19 v1.6 Define keys (HO)
)
(C:\Program Files\MiKTeX\tex/generic/pdfescape\pdfescape.sty
Package: pdfescape 2019/12/09 v1.15 Implements pdfTeX's escape features (HO)
)
(C:\Program Files\MiKTeX\tex/latex/hycolor\hycolor.sty
Package: hycolor 2020-01-27 v1.10 Color options for hyperref/bookmark (HO)
)
(C:\Program Files\MiKTeX\tex/latex/letltxmacro\letltxmacro.sty
Package: letltxmacro 2019/12/03 v1.6 Let assignment for LaTeX macros (HO)
)
(C:\Program Files\MiKTeX\tex/latex/auxhook\auxhook.sty
Package: auxhook 2019-12-17 v1.6 Hooks for auxiliary files (HO)
)
(C:\Program Files\MiKTeX\tex/latex/hyperref\nameref.sty
Package: nameref 2022-05-17 v2.50 Cross-referencing by name of section

(C:\Program Files\MiKTeX\tex/latex/refcount\refcount.sty
Package: refcount 2019/12/15 v3.6 Data extraction from label references (HO)
)
(C:\Program Files\MiKTeX\tex/generic/gettitlestring\gettitlestring.sty
Package: gettitlestring 2019/12/15 v1.6 Cleanup title references (HO)

(C:\Program Files\MiKTeX\tex/latex/kvoptions\kvoptions.sty
Package: kvoptions 2022-06-15 v3.15 Key value format for package options (HO)
))
\c@section@level=\count298
)
\@linkdim=\dimen267
\Hy@linkcounter=\count299
\Hy@pagecounter=\count300

(C:\Program Files\MiKTeX\tex/latex/hyperref\pd1enc.def
File: pd1enc.def 2022-09-22 v7.00t Hyperref: PDFDocEncoding definition (HO)
Now handling font encoding PD1 ...
... no UTF-8 mapping file for font encoding PD1
)
(C:\Program Files\MiKTeX\tex/generic/intcalc\intcalc.sty
Package: intcalc 2019/12/15 v1.3 Expandable calculations with integers (HO)
)
(C:\Program Files\MiKTeX\tex/generic/etexcmds\etexcmds.sty
Package: etexcmds 2019/12/15 v1.7 Avoid name clashes with e-TeX commands (HO)
)
\Hy@SavedSpaceFactor=\count301

(C:\Program Files\MiKTeX\tex/latex/hyperref\puenc.def
File: puenc.def 2022-09-22 v7.00t Hyperref: PDF Unicode definition (HO)
Now handling font encoding PU ...
... no UTF-8 mapping file for font encoding PU
)
Package hyperref Info: Option `bookmarks' set `true' on input line 4045.
Package hyperref Info: Option `bookmarksopen' set `true' on input line 4045.
Package hyperref Info: Option `implicit' set `false' on input line 4045.
Package hyperref Info: Hyper figures OFF on input line 4162.
Package hyperref Info: Link nesting OFF on input line 4167.
Package hyperref Info: Hyper index ON on input line 4170.
Package hyperref Info: Plain pages OFF on input line 4177.
Package hyperref Info: Backreferencing OFF on input line 4182.
Package hyperref Info: Implicit mode OFF; no redefinition of LaTeX internals.
Package hyperref Info: Bookmarks ON on input line 4410.
\c@Hy@tempcnt=\count302

(C:\Program Files\MiKTeX\tex/latex/url\url.sty
\Urlmuskip=\muskip16
Package: url 2013/09/16  ver 3.4  Verb mode for urls, etc.
)
LaTeX Info: Redefining \url on input line 4748.
\XeTeXLinkMargin=\dimen268

(C:\Program Files\MiKTeX\tex/generic/bitset\bitset.sty
Package: bitset 2019/12/09 v1.3 Handle bit-vector datatype (HO)

(C:\Program Files\MiKTeX\tex/generic/bigintcalc\bigintcalc.sty
Package: bigintcalc 2019/12/15 v1.5 Expandable calculations on big integers (HO
)
))
\Fld@menulength=\count303
\Field@Width=\dimen269
\Fld@charsize=\dimen270
Package hyperref Info: Hyper figures OFF on input line 6027.
Package hyperref Info: Link nesting OFF on input line 6032.
Package hyperref Info: Hyper index ON on input line 6035.
Package hyperref Info: backreferencing OFF on input line 6042.
Package hyperref Info: Link coloring OFF on input line 6047.
Package hyperref Info: Link coloring with OCG OFF on input line 6052.
Package hyperref Info: PDF/A mode OFF on input line 6057.
\Hy@abspage=\count304


Package hyperref Message: Stopped early.

)
Package hyperref Info: Driver (autodetected): hpdftex.
 (C:\Program Files\MiKTeX\tex/latex/hyperref\hpdftex.def
File: hpdftex.def 2022-09-22 v7.00t Hyperref driver for pdfTeX

(C:\Program Files\MiKTeX\tex/latex/base\atveryend-ltx.sty
Package: atveryend-ltx 2020/08/19 v1.0a Emulation of the original atveryend pac
kage
with kernel methods
)
\Fld@listcount=\count305
\c@bookmark@seq@number=\count306

(C:\Program Files\MiKTeX\tex/latex/rerunfilecheck\rerunfilecheck.sty
Package: rerunfilecheck 2022-07-10 v1.10 Rerun checks for auxiliary files (HO)

(C:\Program Files\MiKTeX\tex/generic/uniquecounter\uniquecounter.sty
Package: uniquecounter 2019/12/15 v1.4 Provide unlimited unique counter (HO)
)
Package uniquecounter Info: New unique counter `rerunfilecheck' on input line 2
85.
))
(C:\Program Files\MiKTeX\tex/latex/beamer\beamerbaserequires.sty
(C:\Program Files\MiKTeX\tex/latex/beamer\beamerbasecompatibility.sty)
(C:\Program Files\MiKTeX\tex/latex/beamer\beamerbasefont.sty
(C:\Program Files\MiKTeX\tex/latex/amsfonts\amssymb.sty
Package: amssymb 2013/01/14 v3.01 AMS font symbols

(C:\Program Files\MiKTeX\tex/latex/amsfonts\amsfonts.sty
Package: amsfonts 2013/01/14 v3.01 Basic AMSFonts support
\@emptytoks=\toks28
\symAMSa=\mathgroup4
\symAMSb=\mathgroup5
LaTeX Font Info:    Redeclaring math symbol \hbar on input line 98.
LaTeX Font Info:    Overwriting math alphabet `\mathfrak' in version `bold'
(Font)                  U/euf/m/n --> U/euf/b/n on input line 106.
))
(C:\Program Files\MiKTeX\tex/latex/sansmathaccent\sansmathaccent.sty
Package: sansmathaccent 2020/01/31

(C:\Program Files\MiKTeX\tex/latex/koma-script\scrlfile.sty
Package: scrlfile 2022/10/12 v3.38 KOMA-Script package (file load hooks)

(C:\Program Files\MiKTeX\tex/latex/koma-script\scrlfile-hook.sty
Package: scrlfile-hook 2022/10/12 v3.38 KOMA-Script package (using LaTeX hooks)


(C:\Program Files\MiKTeX\tex/latex/koma-script\scrlogo.sty
Package: scrlogo 2022/10/12 v3.38 KOMA-Script package (logo)
)))))
(C:\Program Files\MiKTeX\tex/latex/beamer\beamerbasetranslator.sty
(C:\Program Files\MiKTeX\tex/latex/translator\translator.sty
Package: translator 2021-05-31 v1.12d Easy translation of strings in LaTeX
))
(C:\Program Files\MiKTeX\tex/latex/beamer\beamerbasemisc.sty)
(C:\Program Files\MiKTeX\tex/latex/beamer\beamerbasetwoscreens.sty)
(C:\Program Files\MiKTeX\tex/latex/beamer\beamerbaseoverlay.sty
\beamer@argscount=\count307
\beamer@lastskipcover=\skip50
\beamer@trivlistdepth=\count308
)
(C:\Program Files\MiKTeX\tex/latex/beamer\beamerbasetitle.sty)
(C:\Program Files\MiKTeX\tex/latex/beamer\beamerbasesection.sty
\c@lecture=\count309
\c@part=\count310
\c@section=\count311
\c@subsection=\count312
\c@subsubsection=\count313
)
(C:\Program Files\MiKTeX\tex/latex/beamer\beamerbaseframe.sty
\beamer@framebox=\box66
\beamer@frametitlebox=\box67
\beamer@zoombox=\box68
\beamer@zoomcount=\count314
\beamer@zoomframecount=\count315
\beamer@frametextheight=\dimen271
\c@subsectionslide=\count316
\beamer@frametopskip=\skip51
\beamer@framebottomskip=\skip52
\beamer@frametopskipautobreak=\skip53
\beamer@framebottomskipautobreak=\skip54
\beamer@envbody=\toks29
\framewidth=\dimen272
\c@framenumber=\count317
)
(C:\Program Files\MiKTeX\tex/latex/beamer\beamerbaseverbatim.sty
\beamer@verbatimfileout=\write4
)
(C:\Program Files\MiKTeX\tex/latex/beamer\beamerbaseframesize.sty
\beamer@splitbox=\box69
\beamer@autobreakcount=\count318
\beamer@autobreaklastheight=\dimen273
\beamer@frametitletoks=\toks30
\beamer@framesubtitletoks=\toks31
)
(C:\Program Files\MiKTeX\tex/latex/beamer\beamerbaseframecomponents.sty
\beamer@footins=\box70
)
(C:\Program Files\MiKTeX\tex/latex/beamer\beamerbasecolor.sty)
(C:\Program Files\MiKTeX\tex/latex/beamer\beamerbasenotes.sty
\beamer@frameboxcopy=\box71
)
(C:\Program Files\MiKTeX\tex/latex/beamer\beamerbasetoc.sty)
(C:\Program Files\MiKTeX\tex/latex/beamer\beamerbasetemplates.sty
\beamer@sbttoks=\toks32

(C:\Program Files\MiKTeX\tex/latex/beamer\beamerbaseauxtemplates.sty
(C:\Program Files\MiKTeX\tex/latex/beamer\beamerbaseboxes.sty
\bmb@box=\box72
\bmb@colorbox=\box73
\bmb@boxwidth=\dimen274
\bmb@boxheight=\dimen275
\bmb@prevheight=\dimen276
\bmb@temp=\dimen277
\bmb@dima=\dimen278
\bmb@dimb=\dimen279
\bmb@prevheight=\dimen280
)
\beamer@blockheadheight=\dimen281
))
(C:\Program Files\MiKTeX\tex/latex/beamer\beamerbaselocalstructure.sty
(C:\Program Files\MiKTeX\tex/latex/tools\enumerate.sty
Package: enumerate 2015/07/23 v3.00 enumerate extensions (DPC)
\@enLab=\toks33
)
\beamer@bibiconwidth=\skip55
\c@figure=\count319
\c@table=\count320
\abovecaptionskip=\skip56
\belowcaptionskip=\skip57
)
(C:\Program Files\MiKTeX\tex/latex/beamer\beamerbasenavigation.sty
(C:\Program Files\MiKTeX\tex/latex/beamer\beamerbasenavigationsymbols.tex)
\beamer@section@min@dim=\dimen282
)
(C:\Program Files\MiKTeX\tex/latex/beamer\beamerbasetheorems.sty
(C:\Program Files\MiKTeX\tex/latex/amsmath\amsmath.sty
Package: amsmath 2022/04/08 v2.17n AMS math features
\@mathmargin=\skip58

For additional information on amsmath, use the `?' option.
(C:\Program Files\MiKTeX\tex/latex/amsmath\amstext.sty
Package: amstext 2021/08/26 v2.01 AMS text

(C:\Program Files\MiKTeX\tex/latex/amsmath\amsgen.sty
File: amsgen.sty 1999/11/30 v2.0 generic functions
\@emptytoks=\toks34
\ex@=\dimen283
))
(C:\Program Files\MiKTeX\tex/latex/amsmath\amsbsy.sty
Package: amsbsy 1999/11/29 v1.2d Bold Symbols
\pmbraise@=\dimen284
)
(C:\Program Files\MiKTeX\tex/latex/amsmath\amsopn.sty
Package: amsopn 2022/04/08 v2.04 operator names
)
\inf@bad=\count321
LaTeX Info: Redefining \frac on input line 234.
\uproot@=\count322
\leftroot@=\count323
LaTeX Info: Redefining \overline on input line 399.
LaTeX Info: Redefining \colon on input line 410.
\classnum@=\count324
\DOTSCASE@=\count325
LaTeX Info: Redefining \ldots on input line 496.
LaTeX Info: Redefining \dots on input line 499.
LaTeX Info: Redefining \cdots on input line 620.
\Mathstrutbox@=\box74
\strutbox@=\box75
LaTeX Info: Redefining \big on input line 722.
LaTeX Info: Redefining \Big on input line 723.
LaTeX Info: Redefining \bigg on input line 724.
LaTeX Info: Redefining \Bigg on input line 725.
\big@size=\dimen285
LaTeX Font Info:    Redeclaring font encoding OML on input line 743.
LaTeX Font Info:    Redeclaring font encoding OMS on input line 744.
\macc@depth=\count326
LaTeX Info: Redefining \bmod on input line 905.
LaTeX Info: Redefining \pmod on input line 910.
LaTeX Info: Redefining \smash on input line 940.
LaTeX Info: Redefining \relbar on input line 970.
LaTeX Info: Redefining \Relbar on input line 971.
\c@MaxMatrixCols=\count327
\dotsspace@=\muskip17
\c@parentequation=\count328
\dspbrk@lvl=\count329
\tag@help=\toks35
\row@=\count330
\column@=\count331
\maxfields@=\count332
\andhelp@=\toks36
\eqnshift@=\dimen286
\alignsep@=\dimen287
\tagshift@=\dimen288
\tagwidth@=\dimen289
\totwidth@=\dimen290
\lineht@=\dimen291
\@envbody=\toks37
\multlinegap=\skip59
\multlinetaggap=\skip60
\mathdisplay@stack=\toks38
LaTeX Info: Redefining \[ on input line 2953.
LaTeX Info: Redefining \] on input line 2954.
)
(C:\Program Files\MiKTeX\tex/latex/amscls\amsthm.sty
Package: amsthm 2020/05/29 v2.20.6
\thm@style=\toks39
\thm@bodyfont=\toks40
\thm@headfont=\toks41
\thm@notefont=\toks42
\thm@headpunct=\toks43
\thm@preskip=\skip61
\thm@postskip=\skip62
\thm@headsep=\skip63
\dth@everypar=\toks44
)
\c@theorem=\count333
)
(C:\Program Files\MiKTeX\tex/latex/beamer\beamerbasethemes.sty))
(C:\Program Files\MiKTeX\tex/latex/beamer\beamerthemedefault.sty
(C:\Program Files\MiKTeX\tex/latex/beamer\beamerfontthemedefault.sty)
(C:\Program Files\MiKTeX\tex/latex/beamer\beamercolorthemedefault.sty)
(C:\Program Files\MiKTeX\tex/latex/beamer\beamerinnerthemedefault.sty
\beamer@dima=\dimen292
\beamer@dimb=\dimen293
)
(C:\Program Files\MiKTeX\tex/latex/beamer\beamerouterthemedefault.sty)))
(C:\Program Files\MiKTeX\tex/latex/beamer\beamerthemeMadrid.sty
(C:\Program Files\MiKTeX\tex/latex/beamer\beamercolorthemewhale.sty)
(C:\Program Files\MiKTeX\tex/latex/beamer\beamercolorthemeorchid.sty)
(C:\Program Files\MiKTeX\tex/latex/beamer\beamerinnerthemerounded.sty)
(C:\Program Files\MiKTeX\tex/latex/beamer\beamerouterthemeinfolines.sty))
(C:\Program Files\MiKTeX\tex/latex/lm\lmodern.sty
Package: lmodern 2015/05/01 v1.6.1 Latin Modern Fonts
LaTeX Font Info:    Overwriting symbol font `operators' in version `normal'
(Font)                  OT1/cmr/m/n --> OT1/lmr/m/n on input line 22.
LaTeX Font Info:    Overwriting symbol font `letters' in version `normal'
(Font)                  OML/cmm/m/it --> OML/lmm/m/it on input line 23.
LaTeX Font Info:    Overwriting symbol font `symbols' in version `normal'
(Font)                  OMS/cmsy/m/n --> OMS/lmsy/m/n on input line 24.
LaTeX Font Info:    Overwriting symbol font `largesymbols' in version `normal'
(Font)                  OMX/cmex/m/n --> OMX/lmex/m/n on input line 25.
LaTeX Font Info:    Overwriting symbol font `operators' in version `bold'
(Font)                  OT1/cmr/bx/n --> OT1/lmr/bx/n on input line 26.
LaTeX Font Info:    Overwriting symbol font `letters' in version `bold'
(Font)                  OML/cmm/b/it --> OML/lmm/b/it on input line 27.
LaTeX Font Info:    Overwriting symbol font `symbols' in version `bold'
(Font)                  OMS/cmsy/b/n --> OMS/lmsy/b/n on input line 28.
LaTeX Font Info:    Overwriting symbol font `largesymbols' in version `bold'
(Font)                  OMX/cmex/m/n --> OMX/lmex/m/n on input line 29.
LaTeX Font Info:    Overwriting math alphabet `\mathbf' in version `normal'
(Font)                  OT1/cmr/bx/n --> OT1/lmr/bx/n on input line 31.
LaTeX Font Info:    Overwriting math alphabet `\mathsf' in version `normal'
(Font)                  OT1/cmss/m/n --> OT1/lmss/m/n on input line 32.
LaTeX Font Info:    Overwriting math alphabet `\mathit' in version `normal'
(Font)                  OT1/cmr/m/it --> OT1/lmr/m/it on input line 33.
LaTeX Font Info:    Overwriting math alphabet `\mathtt' in version `normal'
(Font)                  OT1/cmtt/m/n --> OT1/lmtt/m/n on input line 34.
LaTeX Font Info:    Overwriting math alphabet `\mathbf' in version `bold'
(Font)                  OT1/cmr/bx/n --> OT1/lmr/bx/n on input line 35.
LaTeX Font Info:    Overwriting math alphabet `\mathsf' in version `bold'
(Font)                  OT1/cmss/bx/n --> OT1/lmss/bx/n on input line 36.
LaTeX Font Info:    Overwriting math alphabet `\mathit' in version `bold'
(Font)                  OT1/cmr/bx/it --> OT1/lmr/bx/it on input line 37.
LaTeX Font Info:    Overwriting math alphabet `\mathtt' in version `bold'
(Font)                  OT1/cmtt/m/n --> OT1/lmtt/m/n on input line 38.
)
(C:\Program Files\MiKTeX\tex/latex/cancel\cancel.sty
Package: cancel 2013/04/12 v2.2 Cancel math terms
)
(C:\Program Files\MiKTeX\tex/latex/caption\caption.sty
Package: caption 2022/03/01 v3.6b Customizing captions (AR)

(C:\Program Files\MiKTeX\tex/latex/caption\caption3.sty
Package: caption3 2022/03/17 v2.3b caption3 kernel (AR)
\caption@tempdima=\dimen294
\captionmargin=\dimen295
\caption@leftmargin=\dimen296
\caption@rightmargin=\dimen297
\caption@width=\dimen298
\caption@indent=\dimen299
\caption@parindent=\dimen300
\caption@hangindent=\dimen301
Package caption Info: beamer document class detected.

(C:\Program Files\MiKTeX\tex/latex/caption\caption-beamer.sto
File: caption-beamer.sto 2022/01/06 v2.0c Adaption of the caption package to th
e beamer document classes (AR)
))
\c@caption@flags=\count334
\c@continuedfloat=\count335
Package caption Info: hyperref package is loaded.
Package caption Info: Hyperref support is turned off
(caption)             because hyperref has stopped early.
)
(C:\Program Files\MiKTeX\tex/latex/listings\listings.sty
\lst@mode=\count336
\lst@gtempboxa=\box76
\lst@token=\toks45
\lst@length=\count337
\lst@currlwidth=\dimen302
\lst@column=\count338
\lst@pos=\count339
\lst@lostspace=\dimen303
\lst@width=\dimen304
\lst@newlines=\count340
\lst@lineno=\count341
\lst@maxwidth=\dimen305

(C:\Program Files\MiKTeX\tex/latex/listings\lstmisc.sty
File: lstmisc.sty 2020/03/24 1.8d (Carsten Heinz)
\c@lstnumber=\count342
\lst@skipnumbers=\count343
\lst@framebox=\box77
)
(C:\Program Files\MiKTeX\tex/latex/listings\listings.cfg
File: listings.cfg 2020/03/24 1.8d listings configuration
))
Package: listings 2020/03/24 1.8d (Carsten Heinz)

(C:\Program Files\MiKTeX\tex/latex/animate\animate.sty
Package: animate 2022/09/15 PDF & SVG animations from files and inline graphics


(C:\Program Files\MiKTeX\tex/latex/base\ifthen.sty
Package: ifthen 2022/04/13 v1.1d Standard LaTeX ifthen package (DPC)
)
(C:\Program Files\MiKTeX\tex/latex/oberdiek\ifdraft.sty
Package: ifdraft 2016/05/16 v1.4 Detect class options draft and final (HO)
)
(C:\Program Files\MiKTeX\tex/latex/tools\calc.sty
Package: calc 2017/05/25 v4.3 Infix arithmetic (KKT,FJ)
\calc@Acount=\count344
\calc@Bcount=\count345
\calc@Adimen=\dimen306
\calc@Bdimen=\dimen307
\calc@Askip=\skip64
\calc@Bskip=\skip65
LaTeX Info: Redefining \setlength on input line 80.
LaTeX Info: Redefining \addtolength on input line 81.
\calc@Ccount=\count346
\calc@Cskip=\skip66
)
(C:\Program Files\MiKTeX\tex/latex/media9\pdfbase.sty
Package: pdfbase 2022/08/04 v0.55 driver independent access to low-level PDF fe
atures

(C:\Program Files\MiKTeX\tex/latex/l3backend\l3backend-pdftex.def
File: l3backend-pdftex.def 2022-09-28 L3 backend support: PDF output (pdfTeX)
\l__color_backend_stack_int=\count347
\l__pdf_internal_box=\box78
)
\g_pbs_page_int=\count348
\g_pbs_oc_int=\count349
)
(C:\Program Files\MiKTeX\tex/latex/zref\zref-abspage.sty
Package: zref-abspage 2022-04-07 v2.34 Module abspage for zref (HO)

(C:\Program Files\MiKTeX\tex/latex/zref\zref-base.sty
Package: zref-base 2022-04-07 v2.34 Module base for zref (HO)
Package zref Info: New property list: main on input line 767.
Package zref Info: New property: default on input line 768.
Package zref Info: New property: page on input line 769.
)
\c@abspage=\count350
Package zref Info: New property: abspage on input line 65.
)
(C:\Program Files\MiKTeX\tex/latex/ocgx2\ocgbase.sty
Package: ocgbase 2022/08/04 v0.22 support package for ocgx2.sty
\g_ocgbase_nd_int=\count351
)
\@anim@box=\box79
\@anim@measbox=\box80
\@anim@tmpdima=\dimen308
\@anim@tmpdimb=\dimen309
\@anim@num=\count352
\@anim@curframe=\count353
\@anim@curframe@zb=\count354
\@anim@resizeflags=\count355
\@anim@skipfram=\count356
\@anim@mulframecnt=\count357
\@anim@@tmlnfile=\read3
\@anim@tmpcnt=\count358
\c@@anim@ltxcnt=\count359
\@anim@curlayer=\count360
\@anim@lineno=\count361
\@anim@curfield=\count362
\@anim@@resizeflags=\count363
)
(C:\Program Files\MiKTeX\tex/latex/caption\subcaption.sty
Package: subcaption 2022/01/07 v1.5 Sub-captions (AR)
\c@subfigure=\count364
\c@subtable=\count365
)
LaTeX Font Info:    Trying to load font information for OT1+lmss on input line 
39.

(C:\Program Files\MiKTeX\tex/latex/lm\ot1lmss.fd
File: ot1lmss.fd 2015/05/01 v1.6.1 Font defs for Latin Modern
) (main_2.aux)
\openout1 = `main_2.aux'.

LaTeX Font Info:    Checking defaults for OML/cmm/m/it on input line 39.
LaTeX Font Info:    ... okay on input line 39.
LaTeX Font Info:    Checking defaults for OMS/cmsy/m/n on input line 39.
LaTeX Font Info:    ... okay on input line 39.
LaTeX Font Info:    Checking defaults for OT1/cmr/m/n on input line 39.
LaTeX Font Info:    ... okay on input line 39.
LaTeX Font Info:    Checking defaults for T1/cmr/m/n on input line 39.
LaTeX Font Info:    ... okay on input line 39.
LaTeX Font Info:    Checking defaults for TS1/cmr/m/n on input line 39.
LaTeX Font Info:    ... okay on input line 39.
LaTeX Font Info:    Checking defaults for OMX/cmex/m/n on input line 39.
LaTeX Font Info:    ... okay on input line 39.
LaTeX Font Info:    Checking defaults for U/cmr/m/n on input line 39.
LaTeX Font Info:    ... okay on input line 39.
LaTeX Font Info:    Checking defaults for PD1/pdf/m/n on input line 39.
LaTeX Font Info:    ... okay on input line 39.
LaTeX Font Info:    Checking defaults for PU/pdf/m/n on input line 39.
LaTeX Font Info:    ... okay on input line 39.

*geometry* driver: auto-detecting
*geometry* detected driver: pdftex
*geometry* verbose mode - [ preamble ] result:
* driver: pdftex
* paper: custom
* layout: <same size as paper>
* layoutoffset:(h,v)=(0.0pt,0.0pt)
* modes: includehead includefoot 
* h-part:(L,W,R)=(10.95003pt, 342.2953pt, 10.95003pt)
* v-part:(T,H,B)=(0.0pt, 273.14662pt, 0.0pt)
* \paperwidth=364.19536pt
* \paperheight=273.14662pt
* \textwidth=342.2953pt
* \textheight=244.6939pt
* \oddsidemargin=-61.31996pt
* \evensidemargin=-61.31996pt
* \topmargin=-72.26999pt
* \headheight=14.22636pt
* \headsep=0.0pt
* \topskip=11.0pt
* \footskip=14.22636pt
* \marginparwidth=4.0pt
* \marginparsep=10.0pt
* \columnsep=10.0pt
* \skip\footins=10.0pt plus 4.0pt minus 2.0pt
* \hoffset=0.0pt
* \voffset=0.0pt
* \mag=1000
* \@twocolumnfalse
* \@twosidefalse
* \@mparswitchfalse
* \@reversemarginfalse
* (1in=72.27pt=25.4mm, 1cm=28.453pt)

(C:\Program Files\MiKTeX\tex/context/base/mkii\supp-pdf.mkii
[Loading MPS to PDF converter (version 2006.09.02).]
\scratchcounter=\count366
\scratchdimen=\dimen310
\scratchbox=\box81
\nofMPsegments=\count367
\nofMParguments=\count368
\everyMPshowfont=\toks46
\MPscratchCnt=\count369
\MPscratchDim=\dimen311
\MPnumerator=\count370
\makeMPintoPDFobject=\count371
\everyMPtoPDFconversion=\toks47
) (C:\Program Files\MiKTeX\tex/latex/epstopdf-pkg\epstopdf-base.sty
Package: epstopdf-base 2020-01-24 v2.11 Base part for package epstopdf
Package epstopdf-base Info: Redefining graphics rule for `.eps' on input line 4
85.

(C:\Program Files\MiKTeX\tex/latex/00miktex\epstopdf-sys.cfg
File: epstopdf-sys.cfg 2021/03/18 v2.0 Configuration of epstopdf for MiKTeX
))
Package hyperref Info: Link coloring OFF on input line 39.
 (main_2.out)
(main_2.out)
\@outlinefile=\write5
\openout5 = `main_2.out'.

LaTeX Font Info:    Overwriting symbol font `operators' in version `normal'
(Font)                  OT1/lmr/m/n --> OT1/cmss/m/n on input line 39.
LaTeX Font Info:    Overwriting symbol font `operators' in version `bold'
(Font)                  OT1/lmr/bx/n --> OT1/cmss/b/n on input line 39.
LaTeX Font Info:    Overwriting symbol font `operators' in version `normal'
(Font)                  OT1/cmss/m/n --> OT1/lmss/m/n on input line 39.
LaTeX Font Info:    Overwriting symbol font `operators' in version `bold'
(Font)                  OT1/cmss/b/n --> OT1/lmss/b/n on input line 39.
\symnumbers=\mathgroup6
\sympureletters=\mathgroup7
LaTeX Font Info:    Overwriting math alphabet `\mathrm' in version `normal'
(Font)                  OT1/lmss/m/n --> OT1/lmr/m/n on input line 39.
LaTeX Font Info:    Redeclaring math alphabet \mathbf on input line 39.
LaTeX Font Info:    Overwriting math alphabet `\mathbf' in version `normal'
(Font)                  OT1/lmr/bx/n --> OT1/lmss/b/n on input line 39.
LaTeX Font Info:    Overwriting math alphabet `\mathbf' in version `bold'
(Font)                  OT1/lmr/bx/n --> OT1/lmss/b/n on input line 39.
LaTeX Font Info:    Redeclaring math alphabet \mathsf on input line 39.
LaTeX Font Info:    Overwriting math alphabet `\mathsf' in version `normal'
(Font)                  OT1/lmss/m/n --> OT1/lmss/m/n on input line 39.
LaTeX Font Info:    Overwriting math alphabet `\mathsf' in version `bold'
(Font)                  OT1/lmss/bx/n --> OT1/lmss/m/n on input line 39.
LaTeX Font Info:    Redeclaring math alphabet \mathit on input line 39.
LaTeX Font Info:    Overwriting math alphabet `\mathit' in version `normal'
(Font)                  OT1/lmr/m/it --> OT1/lmss/m/it on input line 39.
LaTeX Font Info:    Overwriting math alphabet `\mathit' in version `bold'
(Font)                  OT1/lmr/bx/it --> OT1/lmss/m/it on input line 39.
LaTeX Font Info:    Redeclaring math alphabet \mathtt on input line 39.
LaTeX Font Info:    Overwriting math alphabet `\mathtt' in version `normal'
(Font)                  OT1/lmtt/m/n --> OT1/lmtt/m/n on input line 39.
LaTeX Font Info:    Overwriting math alphabet `\mathtt' in version `bold'
(Font)                  OT1/lmtt/m/n --> OT1/lmtt/m/n on input line 39.
LaTeX Font Info:    Overwriting symbol font `numbers' in version `bold'
(Font)                  OT1/lmss/m/n --> OT1/lmss/b/n on input line 39.
LaTeX Font Info:    Overwriting symbol font `pureletters' in version `bold'
(Font)                  OT1/lmss/m/it --> OT1/lmss/b/it on input line 39.
LaTeX Font Info:    Overwriting math alphabet `\mathrm' in version `bold'
(Font)                  OT1/lmss/b/n --> OT1/lmr/b/n on input line 39.
LaTeX Font Info:    Overwriting math alphabet `\mathbf' in version `bold'
(Font)                  OT1/lmss/b/n --> OT1/lmss/b/n on input line 39.
LaTeX Font Info:    Overwriting math alphabet `\mathsf' in version `bold'
(Font)                  OT1/lmss/m/n --> OT1/lmss/b/n on input line 39.
LaTeX Font Info:    Overwriting math alphabet `\mathit' in version `bold'
(Font)                  OT1/lmss/m/it --> OT1/lmss/b/it on input line 39.
LaTeX Font Info:    Overwriting math alphabet `\mathtt' in version `bold'
(Font)                  OT1/lmtt/m/n --> OT1/lmtt/b/n on input line 39.

(C:\Program Files\MiKTeX\tex/latex/translator\translator-basic-dictionary-Engli
sh.dict
Dictionary: translator-basic-dictionary, Language: English 
)
(C:\Program Files\MiKTeX\tex/latex/translator\translator-bibliography-dictionar
y-English.dict
Dictionary: translator-bibliography-dictionary, Language: English 
)
(C:\Program Files\MiKTeX\tex/latex/translator\translator-environment-dictionary
-English.dict
Dictionary: translator-environment-dictionary, Language: English 
)
(C:\Program Files\MiKTeX\tex/latex/translator\translator-months-dictionary-Engl
ish.dict
Dictionary: translator-months-dictionary, Language: English 
)
(C:\Program Files\MiKTeX\tex/latex/translator\translator-numbers-dictionary-Eng
lish.dict
Dictionary: translator-numbers-dictionary, Language: English 
)
(C:\Program Files\MiKTeX\tex/latex/translator\translator-theorem-dictionary-Eng
lish.dict
Dictionary: translator-theorem-dictionary, Language: English 
)
Package caption Info: Begin \AtBeginDocument code.
Package caption Info: listings package is loaded.
Package caption Info: End \AtBeginDocument code.
\c@lstlisting=\count372
 (main_2.nav)
LaTeX Font Info:    Trying to load font information for OML+lmm on input line 4
1.
 (C:\Program Files\MiKTeX\tex/latex/lm\omllmm.fd
File: omllmm.fd 2015/05/01 v1.6.1 Font defs for Latin Modern
)
LaTeX Font Info:    Trying to load font information for OMS+lmsy on input line 
41.

(C:\Program Files\MiKTeX\tex/latex/lm\omslmsy.fd
File: omslmsy.fd 2015/05/01 v1.6.1 Font defs for Latin Modern
)
LaTeX Font Info:    Trying to load font information for OMX+lmex on input line 
41.

(C:\Program Files\MiKTeX\tex/latex/lm\omxlmex.fd
File: omxlmex.fd 2015/05/01 v1.6.1 Font defs for Latin Modern
)
LaTeX Font Info:    External font `lmex10' loaded for size
(Font)              <10.95> on input line 41.
LaTeX Font Info:    External font `lmex10' loaded for size
(Font)              <8> on input line 41.
LaTeX Font Info:    External font `lmex10' loaded for size
(Font)              <6> on input line 41.
LaTeX Font Info:    Trying to load font information for U+msa on input line 41.


(C:\Program Files\MiKTeX\tex/latex/amsfonts\umsa.fd
File: umsa.fd 2013/01/14 v3.01 AMS symbols A
)
LaTeX Font Info:    Trying to load font information for U+msb on input line 41.


(C:\Program Files\MiKTeX\tex/latex/amsfonts\umsb.fd
File: umsb.fd 2013/01/14 v3.01 AMS symbols B
)
LaTeX Font Info:    Font shape `OT1/lmss/m/it' in size <10.95> not available
(Font)              Font shape `OT1/lmss/m/sl' tried instead on input line 41.
LaTeX Font Info:    Font shape `OT1/lmss/m/it' in size <8> not available
(Font)              Font shape `OT1/lmss/m/sl' tried instead on input line 41.
LaTeX Font Info:    Font shape `OT1/lmss/m/it' in size <6> not available
(Font)              Font shape `OT1/lmss/m/sl' tried instead on input line 41.
LaTeX Font Info:    External font `lmex10' loaded for size
(Font)              <5> on input line 41.
LaTeX Font Info:    Font shape `OT1/lmss/m/it' in size <5> not available
(Font)              Font shape `OT1/lmss/m/sl' tried instead on input line 41.
<ente.png, id=73, 642.4pt x 731.73375pt>
File: ente.png Graphic file (type png)
<use ente.png>
Package pdftex.def Info: ente.png  used on input line 41.
(pdftex.def)             Requested size: 19.97693pt x 22.76228pt.
 [1

{C:/Users/salom/AppData/Local/MiKTeX/fonts/map/pdftex/pdftex.map} <./ente.png>]
 (main_2.toc)
File: ente.png Graphic file (type png)
<use ente.png>
Package pdftex.def Info: ente.png  used on input line 46.
(pdftex.def)             Requested size: 19.97693pt x 22.76228pt.
 [2

]
File: ente.png Graphic file (type png)
<use ente.png>
Package pdftex.def Info: ente.png  used on input line 72.
(pdftex.def)             Requested size: 19.97693pt x 22.76228pt.

[3

]
<figures/workflow_nn.png, id=207, 3405.72375pt x 849.1725pt>
File: figures/workflow_nn.png Graphic file (type png)
<use figures/workflow_nn.png>
Package pdftex.def Info: figures/workflow_nn.png  used on input line 87.
(pdftex.def)             Requested size: 342.2953pt x 85.33685pt.
File: ente.png Graphic file (type png)
<use ente.png>
Package pdftex.def Info: ente.png  used on input line 87.
(pdftex.def)             Requested size: 19.97693pt x 22.76228pt.
 [4

 <./figures/workflow_nn.png>]
File: ente.png Graphic file (type png)
<use ente.png>
Package pdftex.def Info: ente.png  used on input line 105.
(pdftex.def)             Requested size: 19.97693pt x 22.76228pt.
 [5

]
File: ente.png Graphic file (type png)
<use ente.png>
Package pdftex.def Info: ente.png  used on input line 143.
(pdftex.def)             Requested size: 19.97693pt x 22.76228pt.
 [6

]
File: ente.png Graphic file (type png)
<use ente.png>
Package pdftex.def Info: ente.png  used on input line 159.
(pdftex.def)             Requested size: 19.97693pt x 22.76228pt.
 [7

]
File: ente.png Graphic file (type png)
<use ente.png>
Package pdftex.def Info: ente.png  used on input line 171.
(pdftex.def)             Requested size: 19.97693pt x 22.76228pt.
 [8

]
File: ente.png Graphic file (type png)
<use ente.png>
Package pdftex.def Info: ente.png  used on input line 202.
(pdftex.def)             Requested size: 19.97693pt x 22.76228pt.
 [9

]
<figures/basic_torch_implmentation.png, id=460, 2834.33907pt x 1242.14063pt>
File: figures/basic_torch_implmentation.png Graphic file (type png)
<use figures/basic_torch_implmentation.png>
Package pdftex.def Info: figures/basic_torch_implmentation.png  used on input l
ine 213.
(pdftex.def)             Requested size: 342.2953pt x 149.99811pt.
File: ente.png Graphic file (type png)
<use ente.png>
Package pdftex.def Info: ente.png  used on input line 213.
(pdftex.def)             Requested size: 19.97693pt x 22.76228pt.
 [10

 <./figures/basic_torch_implmentation.png>]
File: figures/basic_torch_implmentation.png Graphic file (type png)
<use figures/basic_torch_implmentation.png>
Package pdftex.def Info: figures/basic_torch_implmentation.png  used on input l
ine 224.
(pdftex.def)             Requested size: 342.2953pt x 149.99811pt.
File: ente.png Graphic file (type png)
<use ente.png>
Package pdftex.def Info: ente.png  used on input line 224.
(pdftex.def)             Requested size: 19.97693pt x 22.76228pt.
 [11

]
File: ente.png Graphic file (type png)
<use ente.png>
Package pdftex.def Info: ente.png  used on input line 244.
(pdftex.def)             Requested size: 19.97693pt x 22.76228pt.
 [12

]
<figures/steps_train_torch.png, id=576, 2196.70688pt x 864.22874pt>
File: figures/steps_train_torch.png Graphic file (type png)
<use figures/steps_train_torch.png>
Package pdftex.def Info: figures/steps_train_torch.png  used on input line 262.

(pdftex.def)             Requested size: 239.60567pt x 94.26103pt.
File: ente.png Graphic file (type png)
<use ente.png>
Package pdftex.def Info: ente.png  used on input line 262.
(pdftex.def)             Requested size: 19.97693pt x 22.76228pt.
 [13

 <./figures/steps_train_torch.png>]
<figures/steps_test_torch.png, id=620, 2202.72937pt x 1141.26375pt>
File: figures/steps_test_torch.png Graphic file (type png)
<use figures/steps_test_torch.png>
Package pdftex.def Info: figures/steps_test_torch.png  used on input line 279.
(pdftex.def)             Requested size: 239.60567pt x 124.12885pt.
File: ente.png Graphic file (type png)
<use ente.png>
Package pdftex.def Info: ente.png  used on input line 279.
(pdftex.def)             Requested size: 19.97693pt x 22.76228pt.

[14

 <./figures/steps_test_torch.png>]
File: ente.png Graphic file (type png)
<use ente.png>
Package pdftex.def Info: ente.png  used on input line 290.
(pdftex.def)             Requested size: 19.97693pt x 22.76228pt.
 [15

]
File: ente.png Graphic file (type png)
<use ente.png>
Package pdftex.def Info: ente.png  used on input line 307.
(pdftex.def)             Requested size: 19.97693pt x 22.76228pt.
 [16

]
File: ente.png Graphic file (type png)
<use ente.png>
Package pdftex.def Info: ente.png  used on input line 325.
(pdftex.def)             Requested size: 19.97693pt x 22.76228pt.
 [17

]
File: ente.png Graphic file (type png)
<use ente.png>
Package pdftex.def Info: ente.png  used on input line 340.
(pdftex.def)             Requested size: 19.97693pt x 22.76228pt.
 [18

]
File: ente.png Graphic file (type png)
<use ente.png>
Package pdftex.def Info: ente.png  used on input line 358.
(pdftex.def)             Requested size: 19.97693pt x 22.76228pt.
 [19

]
File: ente.png Graphic file (type png)
<use ente.png>
Package pdftex.def Info: ente.png  used on input line 374.
(pdftex.def)             Requested size: 19.97693pt x 22.76228pt.
 [20

]
<figures/make_circle.png, id=895, 420.82219pt x 310.91156pt>
File: figures/make_circle.png Graphic file (type png)
<use figures/make_circle.png>
Package pdftex.def Info: figures/make_circle.png  used on input line 389.
(pdftex.def)             Requested size: 136.91603pt x 101.15416pt.

Overfull \vbox (3.25058pt too high) detected at line 389
 []

File: ente.png Graphic file (type png)
<use ente.png>
Package pdftex.def Info: ente.png  used on input line 389.
(pdftex.def)             Requested size: 19.97693pt x 22.76228pt.
[21

 <./figures/make_circle.png>]
File: ente.png Graphic file (type png)
<use ente.png>
Package pdftex.def Info: ente.png  used on input line 406.
(pdftex.def)             Requested size: 19.97693pt x 22.76228pt.
 [22

]
File: ente.png Graphic file (type png)
<use ente.png>
Package pdftex.def Info: ente.png  used on input line 433.
(pdftex.def)             Requested size: 19.97693pt x 22.76228pt.
 [23

]
File: ente.png Graphic file (type png)
<use ente.png>
Package pdftex.def Info: ente.png  used on input line 448.
(pdftex.def)             Requested size: 19.97693pt x 22.76228pt.
 [24

]
File: ente.png Graphic file (type png)
<use ente.png>
Package pdftex.def Info: ente.png  used on input line 466.
(pdftex.def)             Requested size: 19.97693pt x 22.76228pt.
 [25

]
File: ente.png Graphic file (type png)
<use ente.png>
Package pdftex.def Info: ente.png  used on input line 479.
(pdftex.def)             Requested size: 19.97693pt x 22.76228pt.
 [26

]
<figures/multiclass_example.png, id=1133, 627.09282pt x 438.13687pt>
File: figures/multiclass_example.png Graphic file (type png)
<use figures/multiclass_example.png>
Package pdftex.def Info: figures/multiclass_example.png  used on input line 498
.
(pdftex.def)             Requested size: 102.68962pt x 71.74126pt.
File: ente.png Graphic file (type png)
<use ente.png>
Package pdftex.def Info: ente.png  used on input line 498.
(pdftex.def)             Requested size: 19.97693pt x 22.76228pt.
 [27

 <./figures/multiclass_example.png>]
File: ente.png Graphic file (type png)
<use ente.png>
Package pdftex.def Info: ente.png  used on input line 534.
(pdftex.def)             Requested size: 19.97693pt x 22.76228pt.
 [28

]
File: ente.png Graphic file (type png)
<use ente.png>
Package pdftex.def Info: ente.png  used on input line 554.
(pdftex.def)             Requested size: 19.97693pt x 22.76228pt.
 [29

]
<figures/vision_comp.png, id=1263, 1982.90813pt x 1111.15125pt>
File: figures/vision_comp.png Graphic file (type png)
<use figures/vision_comp.png>
Package pdftex.def Info: figures/vision_comp.png  used on input line 564.
(pdftex.def)             Requested size: 342.2953pt x 191.80943pt.
File: ente.png Graphic file (type png)
<use ente.png>
Package pdftex.def Info: ente.png  used on input line 564.
(pdftex.def)             Requested size: 19.97693pt x 22.76228pt.
 [30

 <./figures/vision_comp.png>]
File: ente.png Graphic file (type png)
<use ente.png>
Package pdftex.def Info: ente.png  used on input line 587.
(pdftex.def)             Requested size: 19.97693pt x 22.76228pt.
 [31

]
File: ente.png Graphic file (type png)
<use ente.png>
Package pdftex.def Info: ente.png  used on input line 611.
(pdftex.def)             Requested size: 19.97693pt x 22.76228pt.
 [32

]
File: ente.png Graphic file (type png)
<use ente.png>
Package pdftex.def Info: ente.png  used on input line 627.
(pdftex.def)             Requested size: 19.97693pt x 22.76228pt.

[33

]
Overfull \vbox (12.04143pt too high) detected at line 653
 []

File: ente.png Graphic file (type png)
<use ente.png>
Package pdftex.def Info: ente.png  used on input line 653.
(pdftex.def)             Requested size: 19.97693pt x 22.76228pt.
[34

]
File: ente.png Graphic file (type png)
<use ente.png>
Package pdftex.def Info: ente.png  used on input line 670.
(pdftex.def)             Requested size: 19.97693pt x 22.76228pt.
 [35

]
File: ente.png Graphic file (type png)
<use ente.png>
Package pdftex.def Info: ente.png  used on input line 686.
(pdftex.def)             Requested size: 19.97693pt x 22.76228pt.
 [36

]
File: ente.png Graphic file (type png)
<use ente.png>
Package pdftex.def Info: ente.png  used on input line 706.
(pdftex.def)             Requested size: 19.97693pt x 22.76228pt.
 [37

]
Overfull \vbox (0.32567pt too high) detected at line 723
 []

File: ente.png Graphic file (type png)
<use ente.png>
Package pdftex.def Info: ente.png  used on input line 723.
(pdftex.def)             Requested size: 19.97693pt x 22.76228pt.
[38

]
File: ente.png Graphic file (type png)
<use ente.png>
Package pdftex.def Info: ente.png  used on input line 742.
(pdftex.def)             Requested size: 19.97693pt x 22.76228pt.
 [39

]
LaTeX Font Info:    External font `lmex10' loaded for size
(Font)              <10> on input line 760.
LaTeX Font Info:    External font `lmex10' loaded for size
(Font)              <7> on input line 760.
LaTeX Font Info:    Font shape `OT1/lmss/m/it' in size <10> not available
(Font)              Font shape `OT1/lmss/m/sl' tried instead on input line 760.

LaTeX Font Info:    Font shape `OT1/lmss/m/it' in size <7> not available
(Font)              Font shape `OT1/lmss/m/sl' tried instead on input line 760.

File: ente.png Graphic file (type png)
<use ente.png>
Package pdftex.def Info: ente.png  used on input line 760.
(pdftex.def)             Requested size: 19.97693pt x 22.76228pt.
 [40

]
File: ente.png Graphic file (type png)
<use ente.png>
Package pdftex.def Info: ente.png  used on input line 776.
(pdftex.def)             Requested size: 19.97693pt x 22.76228pt.
 [41

]
File: ente.png Graphic file (type png)
<use ente.png>
Package pdftex.def Info: ente.png  used on input line 796.
(pdftex.def)             Requested size: 19.97693pt x 22.76228pt.
 [42

]
File: ente.png Graphic file (type png)
<use ente.png>
Package pdftex.def Info: ente.png  used on input line 811.
(pdftex.def)             Requested size: 19.97693pt x 22.76228pt.
 [43

]
File: ente.png Graphic file (type png)
<use ente.png>
Package pdftex.def Info: ente.png  used on input line 822.
(pdftex.def)             Requested size: 19.97693pt x 22.76228pt.
 [44

]
File: ente.png Graphic file (type png)
<use ente.png>
Package pdftex.def Info: ente.png  used on input line 837.
(pdftex.def)             Requested size: 19.97693pt x 22.76228pt.
 [45

]
File: ente.png Graphic file (type png)
<use ente.png>
Package pdftex.def Info: ente.png  used on input line 854.
(pdftex.def)             Requested size: 19.97693pt x 22.76228pt.
 [46

]
File: ente.png Graphic file (type png)
<use ente.png>
Package pdftex.def Info: ente.png  used on input line 869.
(pdftex.def)             Requested size: 19.97693pt x 22.76228pt.
 [47

]
File: ente.png Graphic file (type png)
<use ente.png>
Package pdftex.def Info: ente.png  used on input line 886.
(pdftex.def)             Requested size: 19.97693pt x 22.76228pt.
 [48

]
<figures/acc_curve_over.png, id=2027, 920.68968pt x 469.755pt>
File: figures/acc_curve_over.png Graphic file (type png)
<use figures/acc_curve_over.png>
Package pdftex.def Info: figures/acc_curve_over.png  used on input line 899.
(pdftex.def)             Requested size: 342.2953pt x 174.64526pt.
File: ente.png Graphic file (type png)
<use ente.png>
Package pdftex.def Info: ente.png  used on input line 899.
(pdftex.def)             Requested size: 19.97693pt x 22.76228pt.
 [49

 <./figures/acc_curve_over.png>]
File: ente.png Graphic file (type png)
<use ente.png>
Package pdftex.def Info: ente.png  used on input line 915.
(pdftex.def)             Requested size: 19.97693pt x 22.76228pt.
 [50

]
File: ente.png Graphic file (type png)
<use ente.png>
Package pdftex.def Info: ente.png  used on input line 934.
(pdftex.def)             Requested size: 19.97693pt x 22.76228pt.
 [51

]
File: ente.png Graphic file (type png)
<use ente.png>
Package pdftex.def Info: ente.png  used on input line 957.
(pdftex.def)             Requested size: 19.97693pt x 22.76228pt.
 [52

]
<figures/modular.png, id=2184, 1068.99374pt x 999.735pt>
File: figures/modular.png Graphic file (type png)
<use figures/modular.png>
Package pdftex.def Info: figures/modular.png  used on input line 969.
(pdftex.def)             Requested size: 239.60567pt x 224.0764pt.

Overfull \vbox (26.72978pt too high) detected at line 969
 []

File: ente.png Graphic file (type png)
<use ente.png>
Package pdftex.def Info: ente.png  used on input line 969.
(pdftex.def)             Requested size: 19.97693pt x 22.76228pt.
[53

 <./figures/modular.png>]
File: ente.png Graphic file (type png)
<use ente.png>
Package pdftex.def Info: ente.png  used on input line 991.
(pdftex.def)             Requested size: 19.97693pt x 22.76228pt.
 [54

]
File: ente.png Graphic file (type png)
<use ente.png>
Package pdftex.def Info: ente.png  used on input line 1012.
(pdftex.def)             Requested size: 19.97693pt x 22.76228pt.
 [55

]
File: figures/modular.png Graphic file (type png)
<use figures/modular.png>
Package pdftex.def Info: figures/modular.png  used on input line 1022.
(pdftex.def)             Requested size: 239.60567pt x 224.0764pt.

Overfull \vbox (26.72978pt too high) detected at line 1022
 []

File: ente.png Graphic file (type png)
<use ente.png>
Package pdftex.def Info: ente.png  used on input line 1022.
(pdftex.def)             Requested size: 19.97693pt x 22.76228pt.
[56

]
File: ente.png Graphic file (type png)
<use ente.png>
Package pdftex.def Info: ente.png  used on input line 1042.
(pdftex.def)             Requested size: 19.97693pt x 22.76228pt.
 [57

]
File: ente.png Graphic file (type png)
<use ente.png>
Package pdftex.def Info: ente.png  used on input line 1065.
(pdftex.def)             Requested size: 19.97693pt x 22.76228pt.
 [58

]
File: ente.png Graphic file (type png)
<use ente.png>
Package pdftex.def Info: ente.png  used on input line 1087.
(pdftex.def)             Requested size: 19.97693pt x 22.76228pt.
 [59

]
<figures/transfer_learning01.png, id=2483, 873.2625pt x 224.33812pt>
File: figures/transfer_learning01.png Graphic file (type png)
<use figures/transfer_learning01.png>
Package pdftex.def Info: figures/transfer_learning01.png  used on input line 11
00.
(pdftex.def)             Requested size: 342.2953pt x 87.93309pt.
File: ente.png Graphic file (type png)
<use ente.png>
Package pdftex.def Info: ente.png  used on input line 1100.
(pdftex.def)             Requested size: 19.97693pt x 22.76228pt.
 [60

 <./figures/transfer_learning01.png (PNG copy)>]
File: ente.png Graphic file (type png)
<use ente.png>
Package pdftex.def Info: ente.png  used on input line 1115.
(pdftex.def)             Requested size: 19.97693pt x 22.76228pt.

[61

]
File: ente.png Graphic file (type png)
<use ente.png>
Package pdftex.def Info: ente.png  used on input line 1141.
(pdftex.def)             Requested size: 19.97693pt x 22.76228pt.
 [62

]
<figures/an-image-is-worth-16x16-words-transformers-1.png, id=2601, 725.71124pt
 x 551.81157pt>
File: figures/an-image-is-worth-16x16-words-transformers-1.png Graphic file (ty
pe png)
<use figures/an-image-is-worth-16x16-words-transformers-1.png>
Package pdftex.def Info: figures/an-image-is-worth-16x16-words-transformers-1.p
ng  used on input line 1151.
(pdftex.def)             Requested size: 239.60567pt x 182.191pt.
File: ente.png Graphic file (type png)
<use ente.png>
Package pdftex.def Info: ente.png  used on input line 1151.
(pdftex.def)             Requested size: 19.97693pt x 22.76228pt.
 [63

 <./figures/an-image-is-worth-16x16-words-transformers-1.png>]
File: ente.png Graphic file (type png)
<use ente.png>
Package pdftex.def Info: ente.png  used on input line 1169.
(pdftex.def)             Requested size: 19.97693pt x 22.76228pt.

[64

]
File: ente.png Graphic file (type png)
<use ente.png>
Package pdftex.def Info: ente.png  used on input line 1185.
(pdftex.def)             Requested size: 19.97693pt x 22.76228pt.
 [65

]
File: ente.png Graphic file (type png)
<use ente.png>
Package pdftex.def Info: ente.png  used on input line 1199.
(pdftex.def)             Requested size: 19.97693pt x 22.76228pt.
 [66

]
File: ente.png Graphic file (type png)
<use ente.png>
Package pdftex.def Info: ente.png  used on input line 1216.
(pdftex.def)             Requested size: 19.97693pt x 22.76228pt.
 [67

]
File: ente.png Graphic file (type png)
<use ente.png>
Package pdftex.def Info: ente.png  used on input line 1234.
(pdftex.def)             Requested size: 19.97693pt x 22.76228pt.
 [68

]
<figures/vit_fig_1.png, id=2886, 2061.20062pt x 1056.94875pt>
File: figures/vit_fig_1.png Graphic file (type png)
<use figures/vit_fig_1.png>
Package pdftex.def Info: figures/vit_fig_1.png  used on input line 1251.
(pdftex.def)             Requested size: 239.60567pt x 122.86095pt.
File: ente.png Graphic file (type png)
<use ente.png>
Package pdftex.def Info: ente.png  used on input line 1251.
(pdftex.def)             Requested size: 19.97693pt x 22.76228pt.
 [69

 <./figures/vit_fig_1.png>]
File: ente.png Graphic file (type png)
<use ente.png>
Package pdftex.def Info: ente.png  used on input line 1263.
(pdftex.def)             Requested size: 19.97693pt x 22.76228pt.
 [70

]
File: ente.png Graphic file (type png)
<use ente.png>
Package pdftex.def Info: ente.png  used on input line 1274.
(pdftex.def)             Requested size: 19.97693pt x 22.76228pt.
 [71

]
File: ente.png Graphic file (type png)
<use ente.png>
Package pdftex.def Info: ente.png  used on input line 1285.
(pdftex.def)             Requested size: 19.97693pt x 22.76228pt.
 [72

]
LaTeX Font Info:    Font shape `OT1/lmss/b/n' in size <10.95> not available
(Font)              Font shape `OT1/lmss/bx/n' tried instead on input line 1292
.
LaTeX Font Info:    Font shape `OT1/lmss/b/n' in size <8> not available
(Font)              Font shape `OT1/lmss/bx/n' tried instead on input line 1292
.
LaTeX Font Info:    Font shape `OT1/lmss/b/n' in size <6> not available
(Font)              Font shape `OT1/lmss/bx/n' tried instead on input line 1292
.
LaTeX Font Info:    Trying to load font information for OT1+lmr on input line 1
292.

(C:\Program Files\MiKTeX\tex/latex/lm\ot1lmr.fd
File: ot1lmr.fd 2015/05/01 v1.6.1 Font defs for Latin Modern
)
Overfull \hbox (12.0451pt too wide) in paragraph at lines 1292--1292
[]$[][]$  
 []

File: ente.png Graphic file (type png)
<use ente.png>
Package pdftex.def Info: ente.png  used on input line 1292.
(pdftex.def)             Requested size: 19.97693pt x 22.76228pt.
[73

]
File: ente.png Graphic file (type png)
<use ente.png>
Package pdftex.def Info: ente.png  used on input line 1302.
(pdftex.def)             Requested size: 19.97693pt x 22.76228pt.
 [74

]
File: ente.png Graphic file (type png)
<use ente.png>
Package pdftex.def Info: ente.png  used on input line 1312.
(pdftex.def)             Requested size: 19.97693pt x 22.76228pt.
 [75

]
<figures/vit_fig1_eqs.png, id=3167, 2187.67313pt x 814.54312pt>
File: figures/vit_fig1_eqs.png Graphic file (type png)
<use figures/vit_fig1_eqs.png>
Package pdftex.def Info: figures/vit_fig1_eqs.png  used on input line 1328.
(pdftex.def)             Requested size: 342.2953pt x 127.44604pt.
LaTeX Font Info:    Trying to load font information for TS1+lmss on input line 
1328.
 (C:\Program Files\MiKTeX\tex/latex/lm\ts1lmss.fd
File: ts1lmss.fd 2015/05/01 v1.6.1 Font defs for Latin Modern
)
Overfull \vbox (7.60075pt too high) detected at line 1328
 []

File: ente.png Graphic file (type png)
<use ente.png>
Package pdftex.def Info: ente.png  used on input line 1328.
(pdftex.def)             Requested size: 19.97693pt x 22.76228pt.
[76

 <./figures/vit_fig1_eqs.png>]
Overfull \hbox (22.0451pt too wide) detected at line 1342
[][]
 []

File: ente.png Graphic file (type png)
<use ente.png>
Package pdftex.def Info: ente.png  used on input line 1342.
(pdftex.def)             Requested size: 19.97693pt x 22.76228pt.
[77

]
File: ente.png Graphic file (type png)
<use ente.png>
Package pdftex.def Info: ente.png  used on input line 1360.
(pdftex.def)             Requested size: 19.97693pt x 22.76228pt.
 [78

]
File: ente.png Graphic file (type png)
<use ente.png>
Package pdftex.def Info: ente.png  used on input line 1381.
(pdftex.def)             Requested size: 19.97693pt x 22.76228pt.
 [79

]
File: ente.png Graphic file (type png)
<use ente.png>
Package pdftex.def Info: ente.png  used on input line 1397.
(pdftex.def)             Requested size: 19.97693pt x 22.76228pt.
 [80

]
File: ente.png Graphic file (type png)
<use ente.png>
Package pdftex.def Info: ente.png  used on input line 1417.
(pdftex.def)             Requested size: 19.97693pt x 22.76228pt.
 [81

]
File: ente.png Graphic file (type png)
<use ente.png>
Package pdftex.def Info: ente.png  used on input line 1437.
(pdftex.def)             Requested size: 19.97693pt x 22.76228pt.
 [82

]
File: ente.png Graphic file (type png)
<use ente.png>
Package pdftex.def Info: ente.png  used on input line 1451.
(pdftex.def)             Requested size: 19.97693pt x 22.76228pt.
 [83

]
File: ente.png Graphic file (type png)
<use ente.png>
Package pdftex.def Info: ente.png  used on input line 1465.
(pdftex.def)             Requested size: 19.97693pt x 22.76228pt.
 [84

]
File: ente.png Graphic file (type png)
<use ente.png>
Package pdftex.def Info: ente.png  used on input line 1473.
(pdftex.def)             Requested size: 19.97693pt x 22.76228pt.
 [85

]

LaTeX Warning: Command \texttimes invalid in math mode on input line 1490.


LaTeX Warning: Command \texttimes invalid in math mode on input line 1490.


LaTeX Warning: Command \texttimes invalid in math mode on input line 1490.


LaTeX Warning: Command \texttimes invalid in math mode on input line 1490.

LaTeX Font Info:    Font shape `OT1/lmss/b/n' in size <10> not available
(Font)              Font shape `OT1/lmss/bx/n' tried instead on input line 1490
.
LaTeX Font Info:    Font shape `OT1/lmss/b/n' in size <7> not available
(Font)              Font shape `OT1/lmss/bx/n' tried instead on input line 1490
.
LaTeX Font Info:    Font shape `OT1/lmss/b/n' in size <5> not available
(Font)              Font shape `OT1/lmss/bx/n' tried instead on input line 1490
.
File: ente.png Graphic file (type png)
<use ente.png>
Package pdftex.def Info: ente.png  used on input line 1490.
(pdftex.def)             Requested size: 19.97693pt x 22.76228pt.
[86

]
<figures/vit_fig1_eqs1.png, id=3596, 2100.34688pt x 913.91437pt>
File: figures/vit_fig1_eqs1.png Graphic file (type png)
<use figures/vit_fig1_eqs1.png>
Package pdftex.def Info: figures/vit_fig1_eqs1.png  used on input line 1502.
(pdftex.def)             Requested size: 342.2953pt x 148.93465pt.
File: ente.png Graphic file (type png)
<use ente.png>
Package pdftex.def Info: ente.png  used on input line 1502.
(pdftex.def)             Requested size: 19.97693pt x 22.76228pt.
 [87

 <./figures/vit_fig1_eqs1.png>]
<figures/vit_patch_ex00.png, id=3637, 173.89969pt x 185.94469pt>
File: figures/vit_patch_ex00.png Graphic file (type png)
<use figures/vit_patch_ex00.png>
Package pdftex.def Info: figures/vit_patch_ex00.png  used on input line 1517.
(pdftex.def)             Requested size: 136.91603pt x 146.40382pt.

Overfull \vbox (10.69618pt too high) detected at line 1517
 []

File: ente.png Graphic file (type png)
<use ente.png>
Package pdftex.def Info: ente.png  used on input line 1517.
(pdftex.def)             Requested size: 19.97693pt x 22.76228pt.
[88

 <./figures/vit_patch_ex00.png>]
<figures/vit_patch_ex01.png, id=3678, 610.53094pt x 592.46344pt>
File: figures/vit_patch_ex01.png Graphic file (type png)
<use figures/vit_patch_ex01.png>
Package pdftex.def Info: figures/vit_patch_ex01.png  used on input line 1530.
(pdftex.def)             Requested size: 136.91603pt x 132.86458pt.

Overfull \vbox (10.05133pt too high) detected at line 1530
 []

File: ente.png Graphic file (type png)
<use ente.png>
Package pdftex.def Info: ente.png  used on input line 1530.
(pdftex.def)             Requested size: 19.97693pt x 22.76228pt.
[89

 <./figures/vit_patch_ex01.png>]
File: ente.png Graphic file (type png)
<use ente.png>
Package pdftex.def Info: ente.png  used on input line 1539.
(pdftex.def)             Requested size: 19.97693pt x 22.76228pt.
 [90

]
File: ente.png Graphic file (type png)
<use ente.png>
Package pdftex.def Info: ente.png  used on input line 1552.
(pdftex.def)             Requested size: 19.97693pt x 22.76228pt.
 [91

]
<figures/vit_patch_cnn_out01.png, id=3812, 517.18219pt x 100.12407pt>
File: figures/vit_patch_cnn_out01.png Graphic file (type png)
<use figures/vit_patch_cnn_out01.png>
Package pdftex.def Info: figures/vit_patch_cnn_out01.png  used on input line 15
70.
(pdftex.def)             Requested size: 239.60567pt x 46.3861pt.
File: ente.png Graphic file (type png)
<use ente.png>
Package pdftex.def Info: ente.png  used on input line 1570.
(pdftex.def)             Requested size: 19.97693pt x 22.76228pt.
 [92

 <./figures/vit_patch_cnn_out01.png>]
File: ente.png Graphic file (type png)
<use ente.png>
Package pdftex.def Info: ente.png  used on input line 1588.
(pdftex.def)             Requested size: 19.97693pt x 22.76228pt.
 [93

]
File: ente.png Graphic file (type png)
<use ente.png>
Package pdftex.def Info: ente.png  used on input line 1606.
(pdftex.def)             Requested size: 19.97693pt x 22.76228pt.
 [94

]
Overfull \vbox (5.69241pt too high) detected at line 1620
 []

File: ente.png Graphic file (type png)
<use ente.png>
Package pdftex.def Info: ente.png  used on input line 1620.
(pdftex.def)             Requested size: 19.97693pt x 22.76228pt.
[95

]
File: ente.png Graphic file (type png)
<use ente.png>
Package pdftex.def Info: ente.png  used on input line 1637.
(pdftex.def)             Requested size: 19.97693pt x 22.76228pt.
 [96

]
<figures/vit_patch_class_emb.png, id=4009, 2166.59438pt x 972.63374pt>
File: figures/vit_patch_class_emb.png Graphic file (type png)
<use figures/vit_patch_class_emb.png>
Package pdftex.def Info: figures/vit_patch_class_emb.png  used on input line 16
49.
(pdftex.def)             Requested size: 342.2953pt x 153.66554pt.
File: ente.png Graphic file (type png)
<use ente.png>
Package pdftex.def Info: ente.png  used on input line 1649.
(pdftex.def)             Requested size: 19.97693pt x 22.76228pt.
 [97

 <./figures/vit_patch_class_emb.png>]
<figures/class_token.png, id=4051, 2247.89813pt x 843.15pt>
File: figures/class_token.png Graphic file (type png)
<use figures/class_token.png>
Package pdftex.def Info: figures/class_token.png  used on input line 1663.
(pdftex.def)             Requested size: 342.2953pt x 128.38399pt.
File: ente.png Graphic file (type png)
<use ente.png>
Package pdftex.def Info: ente.png  used on input line 1663.
(pdftex.def)             Requested size: 19.97693pt x 22.76228pt.
 [98

 <./figures/class_token.png>]
File: figures/class_token.png Graphic file (type png)
<use figures/class_token.png>
Package pdftex.def Info: figures/class_token.png  used on input line 1679.
(pdftex.def)             Requested size: 342.2953pt x 128.38399pt.

Overfull \vbox (4.7096pt too high) detected at line 1679
 []

File: ente.png Graphic file (type png)
<use ente.png>
Package pdftex.def Info: ente.png  used on input line 1679.
(pdftex.def)             Requested size: 19.97693pt x 22.76228pt.
[99

]
Overfull \vbox (2.75899pt too high) detected at line 1694
 []

File: ente.png Graphic file (type png)
<use ente.png>
Package pdftex.def Info: ente.png  used on input line 1694.
(pdftex.def)             Requested size: 19.97693pt x 22.76228pt.
[100

]
<figures/patch_embedding.png, id=4170, 1898.59312pt x 989.19562pt>
File: figures/patch_embedding.png Graphic file (type png)
<use figures/patch_embedding.png>
Package pdftex.def Info: figures/patch_embedding.png  used on input line 1710.
(pdftex.def)             Requested size: 273.83728pt x 142.66745pt.
File: ente.png Graphic file (type png)
<use ente.png>
Package pdftex.def Info: ente.png  used on input line 1710.
(pdftex.def)             Requested size: 19.97693pt x 22.76228pt.
 [101

 <./figures/patch_embedding.png>]
<figures/position_embedding.png, id=4211, 2249.40375pt x 870.25125pt>
File: figures/position_embedding.png Graphic file (type png)
<use figures/position_embedding.png>
Package pdftex.def Info: figures/position_embedding.png  used on input line 172
4.
(pdftex.def)             Requested size: 342.2953pt x 132.41766pt.
File: ente.png Graphic file (type png)
<use ente.png>
Package pdftex.def Info: ente.png  used on input line 1724.
(pdftex.def)             Requested size: 19.97693pt x 22.76228pt.
 [102

 <./figures/position_embedding.png>]
File: figures/position_embedding.png Graphic file (type png)
<use figures/position_embedding.png>
Package pdftex.def Info: figures/position_embedding.png  used on input line 173
7.
(pdftex.def)             Requested size: 342.2953pt x 132.41766pt.

Overfull \vbox (0.57237pt too high) detected at line 1737
 []

File: ente.png Graphic file (type png)
<use ente.png>
Package pdftex.def Info: ente.png  used on input line 1737.
(pdftex.def)             Requested size: 19.97693pt x 22.76228pt.
[103

]
Overfull \vbox (3.36726pt too high) detected at line 1751
 []

File: ente.png Graphic file (type png)
<use ente.png>
Package pdftex.def Info: ente.png  used on input line 1751.
(pdftex.def)             Requested size: 19.97693pt x 22.76228pt.
[104

]
<figures/position_embedding_post.png, id=4331, 1982.15532pt x 980.91469pt>
File: figures/position_embedding_post.png Graphic file (type png)
<use figures/position_embedding_post.png>
Package pdftex.def Info: figures/position_embedding_post.png  used on input lin
e 1763.
(pdftex.def)             Requested size: 342.2953pt x 169.38757pt.
File: ente.png Graphic file (type png)
<use ente.png>
Package pdftex.def Info: ente.png  used on input line 1763.
(pdftex.def)             Requested size: 19.97693pt x 22.76228pt.
 [105

 <./figures/position_embedding_post.png>]
File: ente.png Graphic file (type png)
<use ente.png>
Package pdftex.def Info: ente.png  used on input line 1776.
(pdftex.def)             Requested size: 19.97693pt x 22.76228pt.
 [106

]
File: ente.png Graphic file (type png)
<use ente.png>
Package pdftex.def Info: ente.png  used on input line 1790.
(pdftex.def)             Requested size: 19.97693pt x 22.76228pt.
 [107

]
<figures/position_embedding_post1.png, id=4450, 2089.8075pt x 1007.26312pt>
File: figures/position_embedding_post1.png Graphic file (type png)
<use figures/position_embedding_post1.png>
Package pdftex.def Info: figures/position_embedding_post1.png  used on input li
ne 1801.
(pdftex.def)             Requested size: 342.2953pt x 164.97704pt.

Overfull \vbox (4.23042pt too high) detected at line 1801
 []

File: ente.png Graphic file (type png)
<use ente.png>
Package pdftex.def Info: ente.png  used on input line 1801.
(pdftex.def)             Requested size: 19.97693pt x 22.76228pt.
[108

 <./figures/position_embedding_post1.png>]
<figures/msa.png, id=4492, 2148.52687pt x 770.88pt>
File: figures/msa.png Graphic file (type png)
<use figures/msa.png>
Package pdftex.def Info: figures/msa.png  used on input line 1813.
(pdftex.def)             Requested size: 342.2953pt x 122.814pt.
File: ente.png Graphic file (type png)
<use ente.png>
Package pdftex.def Info: ente.png  used on input line 1813.
(pdftex.def)             Requested size: 19.97693pt x 22.76228pt.
 [109

 <./figures/msa.png>]
File: figures/msa.png Graphic file (type png)
<use figures/msa.png>
Package pdftex.def Info: figures/msa.png  used on input line 1825.
(pdftex.def)             Requested size: 342.2953pt x 122.814pt.
File: ente.png Graphic file (type png)
<use ente.png>
Package pdftex.def Info: ente.png  used on input line 1825.
(pdftex.def)             Requested size: 19.97693pt x 22.76228pt.

[110

]
<figures/msa1.png, id=4570, 2150.0325pt x 927.465pt>
File: figures/msa1.png Graphic file (type png)
<use figures/msa1.png>
Package pdftex.def Info: figures/msa1.png  used on input line 1838.
(pdftex.def)             Requested size: 342.2953pt x 147.64737pt.
File: ente.png Graphic file (type png)
<use ente.png>
Package pdftex.def Info: ente.png  used on input line 1838.
(pdftex.def)             Requested size: 19.97693pt x 22.76228pt.
 [111

 <./figures/msa1.png>]
<figures/mlp.png, id=4611, 2165.08875pt x 767.86874pt>
File: figures/mlp.png Graphic file (type png)
<use figures/mlp.png>
Package pdftex.def Info: figures/mlp.png  used on input line 1850.
(pdftex.def)             Requested size: 342.2953pt x 121.39691pt.
File: ente.png Graphic file (type png)
<use ente.png>
Package pdftex.def Info: ente.png  used on input line 1850.
(pdftex.def)             Requested size: 19.97693pt x 22.76228pt.
 [112

 <./figures/mlp.png>]
File: ente.png Graphic file (type png)
<use ente.png>
Package pdftex.def Info: ente.png  used on input line 1866.
(pdftex.def)             Requested size: 19.97693pt x 22.76228pt.
 [113

]
<figures/mlp1.png, id=4691, 2163.58313pt x 770.88pt>
File: figures/mlp1.png Graphic file (type png)
<use figures/mlp1.png>
Package pdftex.def Info: figures/mlp1.png  used on input line 1878.
(pdftex.def)             Requested size: 342.2953pt x 121.95532pt.
File: ente.png Graphic file (type png)
<use ente.png>
Package pdftex.def Info: ente.png  used on input line 1878.
(pdftex.def)             Requested size: 19.97693pt x 22.76228pt.
 [114

 <./figures/mlp1.png>]
<figures/final_model.png, id=4731, 2687.54062pt x 1237.62375pt>
File: figures/final_model.png Graphic file (type png)
<use figures/final_model.png>
Package pdftex.def Info: figures/final_model.png  used on input line 1890.
(pdftex.def)             Requested size: 342.2953pt x 157.61081pt.
File: ente.png Graphic file (type png)
<use ente.png>
Package pdftex.def Info: ente.png  used on input line 1890.
(pdftex.def)             Requested size: 19.97693pt x 22.76228pt.
 [115

 <./figures/final_model.png>]
File: ente.png Graphic file (type png)
<use ente.png>
Package pdftex.def Info: ente.png  used on input line 1905.
(pdftex.def)             Requested size: 19.97693pt x 22.76228pt.
 [116

]
<figures/vaes_archi.png, id=4813, 697.8572pt x 499.11469pt>
File: figures/vaes_archi.png Graphic file (type png)
<use figures/vaes_archi.png>
Package pdftex.def Info: figures/vaes_archi.png  used on input line 1915.
(pdftex.def)             Requested size: 239.60567pt x 171.36461pt.
File: ente.png Graphic file (type png)
<use ente.png>
Package pdftex.def Info: ente.png  used on input line 1915.
(pdftex.def)             Requested size: 19.97693pt x 22.76228pt.
 [117

 <./figures/vaes_archi.png (PNG copy)>]
<figures/vaes_archi1.png, id=4853, 569.12625pt x 404.26031pt>
File: figures/vaes_archi1.png Graphic file (type png)
<use figures/vaes_archi1.png>
Package pdftex.def Info: figures/vaes_archi1.png  used on input line 1926.
(pdftex.def)             Requested size: 239.60567pt x 170.19528pt.
File: ente.png Graphic file (type png)
<use ente.png>
Package pdftex.def Info: ente.png  used on input line 1926.
(pdftex.def)             Requested size: 19.97693pt x 22.76228pt.
 [118

 <./figures/vaes_archi1.png (PNG copy)>]
<figures/vaes_archi2.png, id=4893, 298.11375pt x 268.75406pt>
File: figures/vaes_archi2.png Graphic file (type png)
<use figures/vaes_archi2.png>
Package pdftex.def Info: figures/vaes_archi2.png  used on input line 1941.
(pdftex.def)             Requested size: 136.91603pt x 123.43152pt.
File: ente.png Graphic file (type png)
<use ente.png>
Package pdftex.def Info: ente.png  used on input line 1941.
(pdftex.def)             Requested size: 19.97693pt x 22.76228pt.
 [119

 <./figures/vaes_archi2.png (PNG copy)>]
<figures/vaes_archi3.png, id=4933, 475.7775pt x 600.74437pt>
File: figures/vaes_archi3.png Graphic file (type png)
<use figures/vaes_archi3.png>
Package pdftex.def Info: figures/vaes_archi3.png  used on input line 1957.
(pdftex.def)             Requested size: 68.45801pt x 86.43195pt.
File: ente.png Graphic file (type png)
<use ente.png>
Package pdftex.def Info: ente.png  used on input line 1957.
(pdftex.def)             Requested size: 19.97693pt x 22.76228pt.
 [120

 <./figures/vaes_archi3.png (PNG copy)>]
<figures/vaes_archi4.png, id=4973, 1348.28719pt x 909.3975pt>
File: figures/vaes_archi4.png Graphic file (type png)
<use figures/vaes_archi4.png>
Package pdftex.def Info: figures/vaes_archi4.png  used on input line 1967.
(pdftex.def)             Requested size: 239.60567pt x 161.60304pt.
File: ente.png Graphic file (type png)
<use ente.png>
Package pdftex.def Info: ente.png  used on input line 1967.
(pdftex.def)             Requested size: 19.97693pt x 22.76228pt.

[121

 <./figures/vaes_archi4.png (PNG copy)>]
<figures/vaes_archi5.png, id=5014, 2002.48125pt x 730.22812pt>
File: figures/vaes_archi5.png Graphic file (type png)
<use figures/vaes_archi5.png>
Package pdftex.def Info: figures/vaes_archi5.png  used on input line 1977.
(pdftex.def)             Requested size: 239.60567pt x 87.36731pt.
File: ente.png Graphic file (type png)
<use ente.png>
Package pdftex.def Info: ente.png  used on input line 1977.
(pdftex.def)             Requested size: 19.97693pt x 22.76228pt.
 [122

 <./figures/vaes_archi5.png (PNG copy)>]
File: ente.png Graphic file (type png)
<use ente.png>
Package pdftex.def Info: ente.png  used on input line 1989.
(pdftex.def)             Requested size: 19.97693pt x 22.76228pt.
 [123

]
File: ente.png Graphic file (type png)
<use ente.png>
Package pdftex.def Info: ente.png  used on input line 2006.
(pdftex.def)             Requested size: 19.97693pt x 22.76228pt.
 [124

]
<figures/GAN_achi.png, id=5130, 548.0475pt x 305.64188pt>
File: figures/GAN_achi.png Graphic file (type png)
<use figures/GAN_achi.png>
Package pdftex.def Info: figures/GAN_achi.png  used on input line 2017.
(pdftex.def)             Requested size: 239.60567pt x 133.62936pt.
File: ente.png Graphic file (type png)
<use ente.png>
Package pdftex.def Info: ente.png  used on input line 2017.
(pdftex.def)             Requested size: 19.97693pt x 22.76228pt.
 [125

 <./figures/GAN_achi.png>]
Overfull \vbox (4.38863pt too high) detected at line 2031
 []

File: ente.png Graphic file (type png)
<use ente.png>
Package pdftex.def Info: ente.png  used on input line 2031.
(pdftex.def)             Requested size: 19.97693pt x 22.76228pt.
[126

]
<figures/comparing_object_detection.png, id=5229, 616.55344pt x 259.7203pt>
File: figures/comparing_object_detection.png Graphic file (type png)
<use figures/comparing_object_detection.png>
Package pdftex.def Info: figures/comparing_object_detection.png  used on input 
line 2045.
(pdftex.def)             Requested size: 239.60567pt x 100.92987pt.
File: ente.png Graphic file (type png)
<use ente.png>
Package pdftex.def Info: ente.png  used on input line 2045.
(pdftex.def)             Requested size: 19.97693pt x 22.76228pt.
 [127

 <./figures/comparing_object_detection.png>]
<figures/localizing_object.png, id=5271, 623.32875pt x 488.57532pt>
File: figures/localizing_object.png Graphic file (type png)
<use figures/localizing_object.png>
Package pdftex.def Info: figures/localizing_object.png  used on input line 2058
.
(pdftex.def)             Requested size: 136.91603pt x 107.31543pt.
File: ente.png Graphic file (type png)
<use ente.png>
Package pdftex.def Info: ente.png  used on input line 2058.
(pdftex.def)             Requested size: 19.97693pt x 22.76228pt.
 [128

 <./figures/localizing_object.png>]
<figures/cnn_yolo.png, id=5311, 621.07031pt x 258.9675pt>
File: figures/cnn_yolo.png Graphic file (type png)
<use figures/cnn_yolo.png>
Package pdftex.def Info: figures/cnn_yolo.png  used on input line 2073.
(pdftex.def)             Requested size: 239.60567pt x 99.90628pt.

Overfull \vbox (2.86522pt too high) detected at line 2073
 []

File: ente.png Graphic file (type png)
<use ente.png>
Package pdftex.def Info: ente.png  used on input line 2073.
(pdftex.def)             Requested size: 19.97693pt x 22.76228pt.
[129

 <./figures/cnn_yolo.png>]
File: ente.png Graphic file (type png)
<use ente.png>
Package pdftex.def Info: ente.png  used on input line 2085.
(pdftex.def)             Requested size: 19.97693pt x 22.76228pt.
 [130

]
<figures/True_positive.png, id=5390, 232.61906pt x 238.64156pt>
File: figures/True_positive.png Graphic file (type png)
<use figures/True_positive.png>
Package pdftex.def Info: figures/True_positive.png  used on input line 2098.
(pdftex.def)             Requested size: 136.91603pt x 140.46593pt.
File: ente.png Graphic file (type png)
<use ente.png>
Package pdftex.def Info: ente.png  used on input line 2098.
(pdftex.def)             Requested size: 19.97693pt x 22.76228pt.
 [131

 <./figures/True_positive.png>]
<figures/True_negative.png, id=5431, 293.59688pt x 240.14719pt>
File: figures/True_negative.png Graphic file (type png)
<use figures/True_negative.png>
Package pdftex.def Info: figures/True_negative.png  used on input line 2111.
(pdftex.def)             Requested size: 136.91603pt x 111.98973pt.
File: ente.png Graphic file (type png)
<use ente.png>
Package pdftex.def Info: ente.png  used on input line 2111.
(pdftex.def)             Requested size: 19.97693pt x 22.76228pt.

[132

 <./figures/True_negative.png>]
<figures/false_positive.png, id=5469, 301.8778pt x 239.39438pt>
File: figures/false_positive.png Graphic file (type png)
<use figures/false_positive.png>
Package pdftex.def Info: figures/false_positive.png  used on input line 2124.
(pdftex.def)             Requested size: 136.91603pt x 108.57393pt.
File: ente.png Graphic file (type png)
<use ente.png>
Package pdftex.def Info: ente.png  used on input line 2124.
(pdftex.def)             Requested size: 19.97693pt x 22.76228pt.
 [133

 <./figures/false_positive.png>]
<figures/false_negative.png, id=5508, 245.41687pt x 226.59656pt>
File: figures/false_negative.png Graphic file (type png)
<use figures/false_negative.png>
Package pdftex.def Info: figures/false_negative.png  used on input line 2137.
(pdftex.def)             Requested size: 136.91603pt x 126.41951pt.
File: ente.png Graphic file (type png)
<use ente.png>
Package pdftex.def Info: ente.png  used on input line 2137.
(pdftex.def)             Requested size: 19.97693pt x 22.76228pt.

[134

 <./figures/false_negative.png>]
File: ente.png Graphic file (type png)
<use ente.png>
Package pdftex.def Info: ente.png  used on input line 2145.
(pdftex.def)             Requested size: 19.97693pt x 22.76228pt.
 [135

]
<figures/cij.png, id=5564, 828.09375pt x 48.18pt>
File: figures/cij.png Graphic file (type png)
<use figures/cij.png>
Package pdftex.def Info: figures/cij.png  used on input line 2168.
(pdftex.def)             Requested size: 239.60567pt x 13.94022pt.
<figures/confusion_matrix.png, id=5565, 481.8pt x 350.05782pt>
File: figures/confusion_matrix.png Graphic file (type png)
<use figures/confusion_matrix.png>
Package pdftex.def Info: figures/confusion_matrix.png  used on input line 2168.

(pdftex.def)             Requested size: 136.91603pt x 99.47372pt.
<figures/confusion_matrix1.png, id=5566, 481.8pt x 338.01282pt>
File: figures/confusion_matrix1.png Graphic file (type png)
<use figures/confusion_matrix1.png>
Package pdftex.def Info: figures/confusion_matrix1.png  used on input line 2168
.
(pdftex.def)             Requested size: 136.91603pt x 96.05098pt.
File: ente.png Graphic file (type png)
<use ente.png>
Package pdftex.def Info: ente.png  used on input line 2168.
(pdftex.def)             Requested size: 19.97693pt x 22.76228pt.
 [136

 <./figures/cij.png> <./figures/confusion_matrix.png> <./figures/confusion_matr
ix1.png>]
File: ente.png Graphic file (type png)
<use ente.png>
Package pdftex.def Info: ente.png  used on input line 2177.
(pdftex.def)             Requested size: 19.97693pt x 22.76228pt.
 [137

]
<figures/confusion_matrix_res.png, id=5624, 548.0475pt x 392.96812pt>
File: figures/confusion_matrix_res.png Graphic file (type png)
<use figures/confusion_matrix_res.png>
Package pdftex.def Info: figures/confusion_matrix_res.png  used on input line 2
190.
(pdftex.def)             Requested size: 239.60567pt x 171.80919pt.
File: ente.png Graphic file (type png)
<use ente.png>
Package pdftex.def Info: ente.png  used on input line 2190.
(pdftex.def)             Requested size: 19.97693pt x 22.76228pt.
 [138

 <./figures/confusion_matrix_res.png>]
<figures/accuracy.png, id=5653, 623.32875pt x 86.57344pt>
File: figures/accuracy.png Graphic file (type png)
<use figures/accuracy.png>
Package pdftex.def Info: figures/accuracy.png  used on input line 2210.
(pdftex.def)             Requested size: 171.14764pt x 23.77011pt.
File: ente.png Graphic file (type png)
<use ente.png>
Package pdftex.def Info: ente.png  used on input line 2210.
(pdftex.def)             Requested size: 19.97693pt x 22.76228pt.
 [139

 <./figures/accuracy.png>]
File: ente.png Graphic file (type png)
<use ente.png>
Package pdftex.def Info: ente.png  used on input line 2220.
(pdftex.def)             Requested size: 19.97693pt x 22.76228pt.
 [140

]
<figures/acc_mc1.png, id=5746, 536.75531pt x 372.64218pt>
File: figures/acc_mc1.png Graphic file (type png)
<use figures/acc_mc1.png>
Package pdftex.def Info: figures/acc_mc1.png  used on input line 2235.
(pdftex.def)             Requested size: 136.91603pt x 95.05377pt.
File: ente.png Graphic file (type png)
<use ente.png>
Package pdftex.def Info: ente.png  used on input line 2235.
(pdftex.def)             Requested size: 19.97693pt x 22.76228pt.
 [141

 <./figures/acc_mc1.png>]
<figures/precision.png, id=5799, 422.32782pt x 91.09032pt>
File: figures/precision.png Graphic file (type png)
<use figures/precision.png>
Package pdftex.def Info: figures/precision.png  used on input line 2248.
(pdftex.def)             Requested size: 136.91603pt x 29.53171pt.
File: ente.png Graphic file (type png)
<use ente.png>
Package pdftex.def Info: ente.png  used on input line 2248.
(pdftex.def)             Requested size: 19.97693pt x 22.76228pt.
 [142

 <./figures/precision.png>]
<figures/recall.png, id=5840, 361.35pt x 91.09032pt>
File: figures/recall.png Graphic file (type png)
<use figures/recall.png>
Package pdftex.def Info: figures/recall.png  used on input line 2263.
(pdftex.def)             Requested size: 136.91603pt x 34.51459pt.
File: ente.png Graphic file (type png)
<use ente.png>
Package pdftex.def Info: ente.png  used on input line 2263.
(pdftex.def)             Requested size: 19.97693pt x 22.76228pt.
 [143

 <./figures/recall.png>]
<figures/f1_score.png, id=5881, 623.32875pt x 88.83188pt>
File: figures/f1_score.png Graphic file (type png)
<use figures/f1_score.png>
Package pdftex.def Info: figures/f1_score.png  used on input line 2277.
(pdftex.def)             Requested size: 136.91603pt x 19.51189pt.
File: ente.png Graphic file (type png)
<use ente.png>
Package pdftex.def Info: ente.png  used on input line 2277.
(pdftex.def)             Requested size: 19.97693pt x 22.76228pt.

[144

 <./figures/f1_score.png>]
<figures/segmentao.png, id=5922, 623.32875pt x 335.00156pt>
File: figures/segmentao.png Graphic file (type png)
<use figures/segmentao.png>
Package pdftex.def Info: figures/segmentao.png  used on input line 2290.
(pdftex.def)             Requested size: 239.60567pt x 128.77408pt.
File: ente.png Graphic file (type png)
<use ente.png>
Package pdftex.def Info: ente.png  used on input line 2290.
(pdftex.def)             Requested size: 19.97693pt x 22.76228pt.
 [145

 <./figures/segmentao.png>]
<figures/dice_formula.png, id=5964, 98.61844pt x 54.9553pt>
File: figures/dice_formula.png Graphic file (type png)
<use figures/dice_formula.png>
Package pdftex.def Info: figures/dice_formula.png  used on input line 2307.
(pdftex.def)             Requested size: 68.45801pt x 38.1481pt.
<figures/dice_formula1.png, id=5977, 450.9347pt x 378.66469pt>
File: figures/dice_formula1.png Graphic file (type png)
<use figures/dice_formula1.png>
Package pdftex.def Info: figures/dice_formula1.png  used on input line 2307.
(pdftex.def)             Requested size: 102.68962pt x 86.23012pt.
File: ente.png Graphic file (type png)
<use ente.png>
Package pdftex.def Info: ente.png  used on input line 2307.
(pdftex.def)             Requested size: 19.97693pt x 22.76228pt.
 [146

 <./figures/dice_formula.png> <./figures/dice_formula1.png>]
<figures/iou_formula.png, id=6007, 331.99031pt x 57.21375pt>
File: figures/iou_formula.png Graphic file (type png)
<use figures/iou_formula.png>
Package pdftex.def Info: figures/iou_formula.png  used on input line 2323.
(pdftex.def)             Requested size: 136.91603pt x 23.5957pt.
<figures/iou_formula1.png, id=6020, 358.33875pt x 260.47313pt>
File: figures/iou_formula1.png Graphic file (type png)
<use figures/iou_formula1.png>
Package pdftex.def Info: figures/iou_formula1.png  used on input line 2323.
(pdftex.def)             Requested size: 102.68962pt x 74.641pt.
File: ente.png Graphic file (type png)
<use ente.png>
Package pdftex.def Info: ente.png  used on input line 2323.
(pdftex.def)             Requested size: 19.97693pt x 22.76228pt.
 [147

 <./figures/iou_formula.png> <./figures/iou_formula1.png>]
File: ente.png Graphic file (type png)
<use ente.png>
Package pdftex.def Info: ente.png  used on input line 2348.
(pdftex.def)             Requested size: 19.97693pt x 22.76228pt.
 [148

]
\tf@nav=\write6
\openout6 = `main_2.nav'.

\tf@toc=\write7
\openout7 = `main_2.toc'.

\tf@snm=\write8
\openout8 = `main_2.snm'.

 (main_2.aux)
Package rerunfilecheck Info: File `main_2.out' has not changed.
(rerunfilecheck)             Checksum: F5412354CF3769702E1DE44004E5248C;2352.
 ) 
Here is how much of TeX's memory you used:
 28542 strings out of 475385
 576824 string characters out of 2786721
 855187 words of memory out of 3000000
 48998 multiletter control sequences out of 15000+600000
 557655 words of font info for 86 fonts, out of 8000000 for 9000
 1141 hyphenation exceptions out of 8191
 128i,21n,122p,820b,857s stack positions out of 10000i,1000n,20000p,200000b,80000s
{C:/Program Files/MiKTeX/fonts/enc/dvips/lm/lm-ts1.enc}{C:/Program Files/MiKT
eX/fonts/enc/dvips/lm/lm-rm.enc}{C:/Program Files/MiKTeX/fonts/enc/dvips/lm/lm-
mathit.enc}{C:/Program Files/MiKTeX/fonts/enc/dvips/lm/lm-mathsy.enc}{C:/Progra
m Files/MiKTeX/fonts/enc/dvips/lm/lm-mathex.enc}<C:/Program Files/MiKTeX/fonts/
type1/public/lm/lmex10.pfb><C:/Program Files/MiKTeX/fonts/type1/public/lm/lmmi1
0.pfb><C:/Program Files/MiKTeX/fonts/type1/public/lm/lmmi8.pfb><C:/Program File
s/MiKTeX/fonts/type1/public/lm/lmr10.pfb><C:/Program Files/MiKTeX/fonts/type1/p
ublic/lm/lmss10.pfb><C:/Program Files/MiKTeX/fonts/type1/public/lm/lmss12.pfb><
C:/Program Files/MiKTeX/fonts/type1/public/lm/lmss8.pfb><C:/Program Files/MiKTe
X/fonts/type1/public/lm/lmssbx10.pfb><C:/Program Files/MiKTeX/fonts/type1/publi
c/lm/lmsso10.pfb><C:/Program Files/MiKTeX/fonts/type1/public/lm/lmsso8.pfb><C:/
Program Files/MiKTeX/fonts/type1/public/lm/lmsy10.pfb><C:/Program Files/MiKTeX/
fonts/type1/public/lm/lmsy8.pfb><C:/Program Files/MiKTeX/fonts/type1/public/ams
fonts/symbols/msbm10.pfb>
Output written on main_2.pdf (148 pages, 20429245 bytes).
PDF statistics:
 6236 PDF objects out of 7423 (max. 8388607)
 309 named destinations out of 1000 (max. 500000)
 6076 words of extra memory for PDF output out of 10000 (max. 10000000)

